{"D:\\proekts\\stellar-burgers\\src\\components\\index.ts": {"path":"D:\\proekts\\stellar-burgers\\src\\components\\index.ts","statementMap":{"0":{"start":{"line":1,"column":0},"end":{"line":1,"column":29}},"1":{"start":{"line":2,"column":0},"end":{"line":2,"column":37}},"2":{"start":{"line":3,"column":0},"end":{"line":3,"column":45}},"3":{"start":{"line":4,"column":0},"end":{"line":4,"column":36}},"4":{"start":{"line":5,"column":0},"end":{"line":5,"column":37}},"5":{"start":{"line":6,"column":0},"end":{"line":6,"column":28}},"6":{"start":{"line":7,"column":0},"end":{"line":7,"column":37}},"7":{"start":{"line":8,"column":0},"end":{"line":8,"column":39}},"8":{"start":{"line":9,"column":0},"end":{"line":9,"column":24}},"9":{"start":{"line":10,"column":0},"end":{"line":10,"column":29}},"10":{"start":{"line":11,"column":0},"end":{"line":11,"column":29}},"11":{"start":{"line":12,"column":0},"end":{"line":12,"column":31}},"12":{"start":{"line":13,"column":0},"end":{"line":13,"column":30}},"13":{"start":{"line":14,"column":0},"end":{"line":14,"column":31}}},"fnMap":{},"branchMap":{},"s":{"0":0,"1":0,"2":0,"3":0,"4":0,"5":0,"6":0,"7":0,"8":0,"9":0,"10":0,"11":0,"12":0,"13":0},"f":{},"b":{}}
,"D:\\proekts\\stellar-burgers\\src\\components\\protected-route.tsx": {"path":"D:\\proekts\\stellar-burgers\\src\\components\\protected-route.tsx","statementMap":{"0":{"start":{"line":2,"column":0},"end":{"line":2,"column":57}},"1":{"start":{"line":3,"column":0},"end":{"line":3,"column":48}},"2":{"start":{"line":10,"column":55},"end":{"line":34,"column":1}},"3":{"start":{"line":11,"column":2},"end":{"line":11,"column":12}},"4":{"start":{"line":11,"column":12},"end":{"line":11,"column":null}},"5":{"start":{"line":12,"column":9},"end":{"line":12,"column":null}},"6":{"start":{"line":14,"column":34},"end":{"line":14,"column":68}},"7":{"start":{"line":14,"column":57},"end":{"line":14,"column":68}},"8":{"start":{"line":14,"column":14},"end":{"line":14,"column":16}},"9":{"start":{"line":14,"column":29},"end":{"line":14,"column":34}},"10":{"start":{"line":15,"column":19},"end":{"line":15,"column":32}},"11":{"start":{"line":17,"column":2},"end":{"line":20,"column":3}},"12":{"start":{"line":19,"column":4},"end":{"line":19,"column":16}},"13":{"start":{"line":22,"column":2},"end":{"line":26,"column":3}},"14":{"start":{"line":24,"column":17},"end":{"line":24,"column":54}},"15":{"start":{"line":25,"column":4},"end":{"line":25,"column":42}},"16":{"start":{"line":28,"column":2},"end":{"line":31,"column":3}},"17":{"start":{"line":30,"column":4},"end":{"line":30,"column":71}},"18":{"start":{"line":33,"column":2},"end":{"line":33,"column":17}},"19":{"start":{"line":10,"column":13},"end":{"line":10,"column":55}}},"fnMap":{"0":{"name":"(anonymous_0)","decl":{"start":{"line":10,"column":55},"end":{"line":10,"column":56}},"loc":{"start":{"line":13,"column":1},"end":{"line":34,"column":1}}},"1":{"name":"(anonymous_1)","decl":{"start":{"line":14,"column":46},"end":{"line":14,"column":47}},"loc":{"start":{"line":14,"column":52},"end":{"line":14,"column":62}}}},"branchMap":{"0":{"loc":{"start":{"line":11,"column":12},"end":{"line":11,"column":null}},"type":"cond-expr","locations":[{"start":{"line":11,"column":15},"end":{"line":11,"column":20}},{"start":{"line":11,"column":20},"end":{"line":11,"column":null}}]},"1":{"loc":{"start":{"line":17,"column":2},"end":{"line":20,"column":3}},"type":"if","locations":[{"start":{"line":17,"column":2},"end":{"line":20,"column":3}}]},"2":{"loc":{"start":{"line":22,"column":2},"end":{"line":26,"column":3}},"type":"if","locations":[{"start":{"line":22,"column":2},"end":{"line":26,"column":3}}]},"3":{"loc":{"start":{"line":22,"column":6},"end":{"line":22,"column":24}},"type":"binary-expr","locations":[{"start":{"line":22,"column":6},"end":{"line":22,"column":16}},{"start":{"line":22,"column":20},"end":{"line":22,"column":24}}]},"4":{"loc":{"start":{"line":24,"column":17},"end":{"line":24,"column":54}},"type":"binary-expr","locations":[{"start":{"line":24,"column":17},"end":{"line":24,"column":47}},{"start":{"line":24,"column":51},"end":{"line":24,"column":54}}]},"5":{"loc":{"start":{"line":24,"column":17},"end":{"line":24,"column":47}},"type":"cond-expr","locations":[{"start":{"line":24,"column":37},"end":{"line":24,"column":39}},{"start":{"line":24,"column":37},"end":{"line":24,"column":47}}]},"6":{"loc":{"start":{"line":24,"column":17},"end":{"line":24,"column":39}},"type":"binary-expr","locations":[{"start":{"line":24,"column":17},"end":{"line":24,"column":39}},{"start":{"line":24,"column":37},"end":{"line":24,"column":39}}]},"7":{"loc":{"start":{"line":24,"column":17},"end":{"line":24,"column":37}},"type":"cond-expr","locations":[{"start":{"line":24,"column":31},"end":{"line":24,"column":33}},{"start":{"line":24,"column":31},"end":{"line":24,"column":37}}]},"8":{"loc":{"start":{"line":24,"column":17},"end":{"line":24,"column":33}},"type":"binary-expr","locations":[{"start":{"line":24,"column":17},"end":{"line":24,"column":33}},{"start":{"line":24,"column":31},"end":{"line":24,"column":33}}]},"9":{"loc":{"start":{"line":28,"column":2},"end":{"line":31,"column":3}},"type":"if","locations":[{"start":{"line":28,"column":2},"end":{"line":31,"column":3}}]},"10":{"loc":{"start":{"line":28,"column":6},"end":{"line":28,"column":26}},"type":"binary-expr","locations":[{"start":{"line":28,"column":6},"end":{"line":28,"column":17}},{"start":{"line":28,"column":21},"end":{"line":28,"column":26}}]}},"s":{"0":0,"1":0,"2":0,"3":0,"4":0,"5":0,"6":0,"7":0,"8":0,"9":0,"10":0,"11":0,"12":0,"13":0,"14":0,"15":0,"16":0,"17":0,"18":0,"19":0},"f":{"0":0,"1":0},"b":{"0":[0,0],"1":[0],"2":[0],"3":[0,0],"4":[0,0],"5":[0,0],"6":[0,0],"7":[0,0],"8":[0,0],"9":[0],"10":[0,0]}}
,"D:\\proekts\\stellar-burgers\\src\\components\\app\\app.tsx": {"path":"D:\\proekts\\stellar-burgers\\src\\components\\app\\app.tsx","statementMap":{"0":{"start":{"line":1,"column":0},"end":{"line":1,"column":41}},"1":{"start":{"line":2,"column":0},"end":{"line":2,"column":null}},"2":{"start":{"line":9,"column":0},"end":{"line":9,"column":null}},"3":{"start":{"line":20,"column":0},"end":{"line":20,"column":77}},"4":{"start":{"line":21,"column":0},"end":{"line":21,"column":25}},"5":{"start":{"line":22,"column":0},"end":{"line":22,"column":38}},"6":{"start":{"line":23,"column":0},"end":{"line":23,"column":52}},"7":{"start":{"line":24,"column":0},"end":{"line":24,"column":51}},"8":{"start":{"line":25,"column":0},"end":{"line":25,"column":60}},"9":{"start":{"line":27,"column":18},"end":{"line":107,"column":1}},"10":{"start":{"line":28,"column":19},"end":{"line":28,"column":32}},"11":{"start":{"line":29,"column":19},"end":{"line":29,"column":32}},"12":{"start":{"line":30,"column":19},"end":{"line":30,"column":32}},"13":{"start":{"line":32,"column":16},"end":{"line":32,"column":59}},"14":{"start":{"line":34,"column":2},"end":{"line":36,"column":17}},"15":{"start":{"line":35,"column":4},"end":{"line":35,"column":26}},"16":{"start":{"line":38,"column":27},"end":{"line":38,"column":41}},"17":{"start":{"line":38,"column":33},"end":{"line":38,"column":46}},"18":{"start":{"line":40,"column":2},"end":{"line":106,"column":4}},"19":{"start":{"line":109,"column":12},"end":{"line":109,"column":null}},"20":{"start":{"line":109,"column":18},"end":{"line":115,"column":2}},"21":{"start":{"line":117,"column":0},"end":{"line":117,"column":19}}},"fnMap":{"0":{"name":"(anonymous_1)","decl":{"start":{"line":27,"column":18},"end":{"line":27,"column":null}},"loc":{"start":{"line":27,"column":18},"end":{"line":107,"column":1}}},"1":{"name":"(anonymous_2)","decl":{"start":{"line":34,"column":12},"end":{"line":34,"column":null}},"loc":{"start":{"line":34,"column":12},"end":{"line":36,"column":3}}},"2":{"name":"(anonymous_3)","decl":{"start":{"line":38,"column":27},"end":{"line":38,"column":33}},"loc":{"start":{"line":38,"column":27},"end":{"line":38,"column":41}}},"3":{"name":"(anonymous_4)","decl":{"start":{"line":109,"column":12},"end":{"line":109,"column":18}},"loc":{"start":{"line":109,"column":12},"end":{"line":109,"column":null}}}},"branchMap":{"0":{"loc":{"start":{"line":43,"column":24},"end":{"line":43,"column":53}},"type":"binary-expr","locations":[{"start":{"line":43,"column":24},"end":{"line":43,"column":41}},{"start":{"line":43,"column":45},"end":{"line":43,"column":53}}]},"1":{"loc":{"start":{"line":43,"column":24},"end":{"line":43,"column":41}},"type":"cond-expr","locations":[{"start":{"line":43,"column":29},"end":{"line":43,"column":31}},{"start":{"line":43,"column":24},"end":{"line":43,"column":41}}]},"2":{"loc":{"start":{"line":43,"column":24},"end":{"line":43,"column":31}},"type":"binary-expr","locations":[{"start":{"line":43,"column":24},"end":{"line":43,"column":31}},{"start":{"line":43,"column":24},"end":{"line":43,"column":31}}]},"3":{"loc":{"start":{"line":73,"column":7},"end":{"line":103,"column":null}},"type":"binary-expr","locations":[{"start":{"line":73,"column":7},"end":{"line":73,"column":24}},{"start":{"line":74,"column":8},"end":{"line":102,"column":null}}]},"4":{"loc":{"start":{"line":73,"column":7},"end":{"line":73,"column":24}},"type":"cond-expr","locations":[{"start":{"line":73,"column":12},"end":{"line":73,"column":14}},{"start":{"line":73,"column":7},"end":{"line":73,"column":24}}]},"5":{"loc":{"start":{"line":73,"column":7},"end":{"line":73,"column":14}},"type":"binary-expr","locations":[{"start":{"line":73,"column":7},"end":{"line":73,"column":14}},{"start":{"line":73,"column":7},"end":{"line":73,"column":14}}]}},"s":{"0":0,"1":0,"2":0,"3":0,"4":0,"5":0,"6":0,"7":0,"8":0,"9":0,"10":0,"11":0,"12":0,"13":0,"14":0,"15":0,"16":0,"17":0,"18":0,"19":0,"20":0,"21":0},"f":{"0":0,"1":0,"2":0,"3":0},"b":{"0":[0,0],"1":[0,0],"2":[0,0],"3":[0,0],"4":[0,0],"5":[0,0]}}
,"D:\\proekts\\stellar-burgers\\src\\components\\app-header\\app-header.tsx": {"path":"D:\\proekts\\stellar-burgers\\src\\components\\app-header\\app-header.tsx","statementMap":{"0":{"start":{"line":2,"column":0},"end":{"line":2,"column":34}},"1":{"start":{"line":4,"column":29},"end":{"line":4,"column":36}},"2":{"start":{"line":4,"column":35},"end":{"line":4,"column":63}},"3":{"start":{"line":4,"column":13},"end":{"line":4,"column":29}}},"fnMap":{"0":{"name":"(anonymous_0)","decl":{"start":{"line":4,"column":29},"end":{"line":4,"column":35}},"loc":{"start":{"line":4,"column":29},"end":{"line":4,"column":36}}}},"branchMap":{},"s":{"0":0,"1":0,"2":0,"3":0},"f":{"0":0},"b":{}}
,"D:\\proekts\\stellar-burgers\\src\\components\\app-header\\index.ts": {"path":"D:\\proekts\\stellar-burgers\\src\\components\\app-header\\index.ts","statementMap":{"0":{"start":{"line":1,"column":0},"end":{"line":1,"column":9}},"1":{"start":{"line":1,"column":9},"end":{"line":1,"column":41}}},"fnMap":{"0":{"name":"(anonymous_0)","decl":{"start":{"line":1,"column":9},"end":{"line":1,"column":18}},"loc":{"start":{"line":1,"column":9},"end":{"line":1,"column":41}}}},"branchMap":{},"s":{"0":0,"1":0},"f":{"0":0},"b":{}}
,"D:\\proekts\\stellar-burgers\\src\\components\\burger-constructor\\burger-constructor.tsx": {"path":"D:\\proekts\\stellar-burgers\\src\\components\\burger-constructor\\burger-constructor.tsx","statementMap":{"0":{"start":{"line":1,"column":0},"end":{"line":1,"column":70}},"1":{"start":{"line":3,"column":0},"end":{"line":3,"column":42}},"2":{"start":{"line":4,"column":0},"end":{"line":4,"column":64}},"3":{"start":{"line":5,"column":0},"end":{"line":5,"column":null}},"4":{"start":{"line":9,"column":0},"end":{"line":9,"column":60}},"5":{"start":{"line":11,"column":37},"end":{"line":106,"column":1}},"6":{"start":{"line":12,"column":19},"end":{"line":12,"column":32}},"7":{"start":{"line":13,"column":19},"end":{"line":13,"column":32}},"8":{"start":{"line":14,"column":19},"end":{"line":14,"column":32}},"9":{"start":{"line":15,"column":36},"end":{"line":15,"column":51}},"10":{"start":{"line":15,"column":18},"end":{"line":15,"column":20}},"11":{"start":{"line":15,"column":32},"end":{"line":15,"column":36}},"12":{"start":{"line":17,"column":4},"end":{"line":17,"column":45}},"13":{"start":{"line":17,"column":27},"end":{"line":17,"column":45}},"14":{"start":{"line":16,"column":13},"end":{"line":16,"column":15}},"15":{"start":{"line":16,"column":26},"end":{"line":16,"column":28}},"16":{"start":{"line":16,"column":40},"end":{"line":16,"column":42}},"17":{"start":{"line":16,"column":53},"end":{"line":16,"column":55}},"18":{"start":{"line":16,"column":65},"end":{"line":16,"column":null}},"19":{"start":{"line":18,"column":34},"end":{"line":18,"column":68}},"20":{"start":{"line":18,"column":57},"end":{"line":18,"column":68}},"21":{"start":{"line":18,"column":14},"end":{"line":18,"column":16}},"22":{"start":{"line":18,"column":29},"end":{"line":18,"column":34}},"23":{"start":{"line":21,"column":2},"end":{"line":26,"column":19}},"24":{"start":{"line":22,"column":4},"end":{"line":25,"column":5}},"25":{"start":{"line":23,"column":6},"end":{"line":23,"column":26}},"26":{"start":{"line":24,"column":6},"end":{"line":24,"column":57}},"27":{"start":{"line":29,"column":27},"end":{"line":34,"column":null}},"28":{"start":{"line":30,"column":10},"end":{"line":33,"column":null}},"29":{"start":{"line":38,"column":16},"end":{"line":42,"column":null}},"30":{"start":{"line":40,"column":6},"end":{"line":41,"column":null}},"31":{"start":{"line":41,"column":60},"end":{"line":41,"column":73}},"32":{"start":{"line":46,"column":20},"end":{"line":48,"column":null}},"33":{"start":{"line":47,"column":10},"end":{"line":47,"column":null}},"34":{"start":{"line":52,"column":23},"end":{"line":85,"column":74}},"35":{"start":{"line":54,"column":4},"end":{"line":57,"column":5}},"36":{"start":{"line":55,"column":6},"end":{"line":55,"column":54}},"37":{"start":{"line":56,"column":6},"end":{"line":56,"column":13}},"38":{"start":{"line":59,"column":4},"end":{"line":62,"column":5}},"39":{"start":{"line":60,"column":6},"end":{"line":60,"column":56}},"40":{"start":{"line":61,"column":6},"end":{"line":61,"column":13}},"41":{"start":{"line":64,"column":4},"end":{"line":66,"column":5}},"42":{"start":{"line":65,"column":6},"end":{"line":65,"column":13}},"43":{"start":{"line":69,"column":4},"end":{"line":72,"column":5}},"44":{"start":{"line":70,"column":6},"end":{"line":70,"column":56}},"45":{"start":{"line":71,"column":6},"end":{"line":71,"column":13}},"46":{"start":{"line":75,"column":23},"end":{"line":79,"column":6}},"47":{"start":{"line":77,"column":52},"end":{"line":77,"column":61}},"48":{"start":{"line":82,"column":4},"end":{"line":82,"column":41}},"49":{"start":{"line":84,"column":4},"end":{"line":84,"column":23}},"50":{"start":{"line":88,"column":26},"end":{"line":94,"column":29}},"51":{"start":{"line":89,"column":4},"end":{"line":89,"column":24}},"52":{"start":{"line":90,"column":4},"end":{"line":93,"column":5}},"53":{"start":{"line":92,"column":6},"end":{"line":92,"column":35}},"54":{"start":{"line":96,"column":2},"end":{"line":105,"column":4}},"55":{"start":{"line":11,"column":13},"end":{"line":11,"column":37}}},"fnMap":{"0":{"name":"(anonymous_1)","decl":{"start":{"line":11,"column":37},"end":{"line":11,"column":null}},"loc":{"start":{"line":11,"column":37},"end":{"line":106,"column":1}}},"1":{"name":"(anonymous_2)","decl":{"start":{"line":17,"column":16},"end":{"line":17,"column":17}},"loc":{"start":{"line":17,"column":22},"end":{"line":17,"column":32}}},"2":{"name":"(anonymous_3)","decl":{"start":{"line":18,"column":46},"end":{"line":18,"column":47}},"loc":{"start":{"line":18,"column":52},"end":{"line":18,"column":62}}},"3":{"name":"(anonymous_4)","decl":{"start":{"line":21,"column":12},"end":{"line":21,"column":null}},"loc":{"start":{"line":21,"column":12},"end":{"line":26,"column":3}}},"4":{"name":"(anonymous_5)","decl":{"start":{"line":30,"column":4},"end":{"line":30,"column":10}},"loc":{"start":{"line":30,"column":4},"end":{"line":30,"column":11}}},"5":{"name":"(anonymous_6)","decl":{"start":{"line":39,"column":4},"end":{"line":39,"column":null}},"loc":{"start":{"line":39,"column":4},"end":{"line":40,"column":7}}},"6":{"name":"(anonymous_7)","decl":{"start":{"line":41,"column":42},"end":{"line":41,"column":43}},"loc":{"start":{"line":41,"column":55},"end":{"line":41,"column":61}}},"7":{"name":"(anonymous_8)","decl":{"start":{"line":47,"column":4},"end":{"line":47,"column":10}},"loc":{"start":{"line":47,"column":4},"end":{"line":47,"column":11}}},"8":{"name":"(anonymous_9)","decl":{"start":{"line":52,"column":35},"end":{"line":52,"column":null}},"loc":{"start":{"line":52,"column":35},"end":{"line":85,"column":3}}},"9":{"name":"(anonymous_10)","decl":{"start":{"line":77,"column":42},"end":{"line":77,"column":43}},"loc":{"start":{"line":77,"column":47},"end":{"line":77,"column":56}}},"10":{"name":"(anonymous_11)","decl":{"start":{"line":88,"column":38},"end":{"line":88,"column":null}},"loc":{"start":{"line":88,"column":38},"end":{"line":94,"column":3}}}},"branchMap":{"0":{"loc":{"start":{"line":22,"column":4},"end":{"line":25,"column":5}},"type":"if","locations":[{"start":{"line":22,"column":4},"end":{"line":25,"column":5}}]},"1":{"loc":{"start":{"line":31,"column":11},"end":{"line":31,"column":27}},"type":"binary-expr","locations":[{"start":{"line":31,"column":11},"end":{"line":31,"column":14}},{"start":{"line":31,"column":18},"end":{"line":31,"column":27}}]},"2":{"loc":{"start":{"line":32,"column":19},"end":{"line":32,"column":64}},"type":"cond-expr","locations":[{"start":{"line":32,"column":48},"end":{"line":32,"column":59}},{"start":{"line":32,"column":62},"end":{"line":32,"column":64}}]},"3":{"loc":{"start":{"line":40,"column":7},"end":{"line":40,"column":64}},"type":"cond-expr","locations":[{"start":{"line":40,"column":30},"end":{"line":40,"column":60}},{"start":{"line":40,"column":63},"end":{"line":40,"column":64}}]},"4":{"loc":{"start":{"line":47,"column":11},"end":{"line":47,"column":67}},"type":"cond-expr","locations":[{"start":{"line":47,"column":26},"end":{"line":47,"column":60}},{"start":{"line":47,"column":63},"end":{"line":47,"column":67}}]},"5":{"loc":{"start":{"line":54,"column":4},"end":{"line":57,"column":5}},"type":"if","locations":[{"start":{"line":54,"column":4},"end":{"line":57,"column":5}}]},"6":{"loc":{"start":{"line":59,"column":4},"end":{"line":62,"column":5}},"type":"if","locations":[{"start":{"line":59,"column":4},"end":{"line":62,"column":5}}]},"7":{"loc":{"start":{"line":64,"column":4},"end":{"line":66,"column":5}},"type":"if","locations":[{"start":{"line":64,"column":4},"end":{"line":66,"column":5}}]},"8":{"loc":{"start":{"line":69,"column":4},"end":{"line":72,"column":5}},"type":"if","locations":[{"start":{"line":69,"column":4},"end":{"line":72,"column":5}}]},"9":{"loc":{"start":{"line":90,"column":4},"end":{"line":93,"column":5}},"type":"if","locations":[{"start":{"line":90,"column":4},"end":{"line":93,"column":5}}]},"10":{"loc":{"start":{"line":101,"column":22},"end":{"line":101,"column":50}},"type":"cond-expr","locations":[{"start":{"line":101,"column":34},"end":{"line":101,"column":43}},{"start":{"line":101,"column":46},"end":{"line":101,"column":50}}]}},"s":{"0":0,"1":0,"2":0,"3":0,"4":0,"5":0,"6":0,"7":0,"8":0,"9":0,"10":0,"11":0,"12":0,"13":0,"14":0,"15":0,"16":0,"17":0,"18":0,"19":0,"20":0,"21":0,"22":0,"23":0,"24":0,"25":0,"26":0,"27":0,"28":0,"29":0,"30":0,"31":0,"32":0,"33":0,"34":0,"35":0,"36":0,"37":0,"38":0,"39":0,"40":0,"41":0,"42":0,"43":0,"44":0,"45":0,"46":0,"47":0,"48":0,"49":0,"50":0,"51":0,"52":0,"53":0,"54":0,"55":0},"f":{"0":0,"1":0,"2":0,"3":0,"4":0,"5":0,"6":0,"7":0,"8":0,"9":0,"10":0},"b":{"0":[0],"1":[0,0],"2":[0,0],"3":[0,0],"4":[0,0],"5":[0],"6":[0],"7":[0],"8":[0],"9":[0],"10":[0,0]}}
,"D:\\proekts\\stellar-burgers\\src\\components\\burger-constructor\\index.ts": {"path":"D:\\proekts\\stellar-burgers\\src\\components\\burger-constructor\\index.ts","statementMap":{"0":{"start":{"line":1,"column":0},"end":{"line":1,"column":9}},"1":{"start":{"line":1,"column":9},"end":{"line":1,"column":57}}},"fnMap":{"0":{"name":"(anonymous_0)","decl":{"start":{"line":1,"column":9},"end":{"line":1,"column":26}},"loc":{"start":{"line":1,"column":9},"end":{"line":1,"column":57}}}},"branchMap":{},"s":{"0":0,"1":0},"f":{"0":0},"b":{}}
,"D:\\proekts\\stellar-burgers\\src\\components\\burger-constructor-element\\burger-constructor-element.tsx": {"path":"D:\\proekts\\stellar-burgers\\src\\components\\burger-constructor-element\\burger-constructor-element.tsx","statementMap":{"0":{"start":{"line":1,"column":0},"end":{"line":1,"column":33}},"1":{"start":{"line":2,"column":0},"end":{"line":2,"column":49}},"2":{"start":{"line":4,"column":0},"end":{"line":4,"column":51}},"3":{"start":{"line":5,"column":0},"end":{"line":5,"column":null}},"4":{"start":{"line":11,"column":13},"end":{"line":45,"column":2}},"5":{"start":{"line":12,"column":15},"end":{"line":12,"column":17}},"6":{"start":{"line":12,"column":22},"end":{"line":12,"column":24}},"7":{"start":{"line":12,"column":34},"end":{"line":12,"column":36}},"8":{"start":{"line":13,"column":21},"end":{"line":13,"column":34}},"9":{"start":{"line":16,"column":27},"end":{"line":20,"column":5}},"10":{"start":{"line":17,"column":6},"end":{"line":19,"column":7}},"11":{"start":{"line":18,"column":8},"end":{"line":18,"column":78}},"12":{"start":{"line":23,"column":25},"end":{"line":27,"column":5}},"13":{"start":{"line":24,"column":6},"end":{"line":26,"column":7}},"14":{"start":{"line":25,"column":8},"end":{"line":25,"column":78}},"15":{"start":{"line":30,"column":24},"end":{"line":32,"column":5}},"16":{"start":{"line":31,"column":6},"end":{"line":31,"column":40}},"17":{"start":{"line":34,"column":4},"end":{"line":43,"column":6}}},"fnMap":{"0":{"name":"(anonymous_0)","decl":{"start":{"line":12,"column":2},"end":{"line":12,"column":3}},"loc":{"start":{"line":12,"column":36},"end":{"line":44,"column":3}}},"1":{"name":"(anonymous_1)","decl":{"start":{"line":16,"column":27},"end":{"line":16,"column":null}},"loc":{"start":{"line":16,"column":27},"end":{"line":20,"column":5}}},"2":{"name":"(anonymous_2)","decl":{"start":{"line":23,"column":25},"end":{"line":23,"column":null}},"loc":{"start":{"line":23,"column":25},"end":{"line":27,"column":5}}},"3":{"name":"(anonymous_3)","decl":{"start":{"line":30,"column":24},"end":{"line":30,"column":null}},"loc":{"start":{"line":30,"column":24},"end":{"line":32,"column":5}}}},"branchMap":{"0":{"loc":{"start":{"line":17,"column":6},"end":{"line":19,"column":7}},"type":"if","locations":[{"start":{"line":17,"column":6},"end":{"line":19,"column":7}}]},"1":{"loc":{"start":{"line":24,"column":6},"end":{"line":26,"column":7}},"type":"if","locations":[{"start":{"line":24,"column":6},"end":{"line":26,"column":7}}]}},"s":{"0":0,"1":0,"2":0,"3":0,"4":0,"5":0,"6":0,"7":0,"8":0,"9":0,"10":0,"11":0,"12":0,"13":0,"14":0,"15":0,"16":0,"17":0},"f":{"0":0,"1":0,"2":0,"3":0},"b":{"0":[0],"1":[0]}}
,"D:\\proekts\\stellar-burgers\\src\\components\\burger-constructor-element\\index.ts": {"path":"D:\\proekts\\stellar-burgers\\src\\components\\burger-constructor-element\\index.ts","statementMap":{"0":{"start":{"line":1,"column":0},"end":{"line":1,"column":9}},"1":{"start":{"line":1,"column":9},"end":{"line":1,"column":72}}},"fnMap":{"0":{"name":"(anonymous_0)","decl":{"start":{"line":1,"column":9},"end":{"line":1,"column":33}},"loc":{"start":{"line":1,"column":9},"end":{"line":1,"column":72}}}},"branchMap":{},"s":{"0":0,"1":0},"f":{"0":0},"b":{}}
,"D:\\proekts\\stellar-burgers\\src\\components\\burger-ingredient\\burger-ingredient.tsx": {"path":"D:\\proekts\\stellar-burgers\\src\\components\\burger-ingredient\\burger-ingredient.tsx","statementMap":{"0":{"start":{"line":1,"column":0},"end":{"line":1,"column":33}},"1":{"start":{"line":2,"column":0},"end":{"line":2,"column":47}},"2":{"start":{"line":3,"column":0},"end":{"line":3,"column":51}},"3":{"start":{"line":4,"column":0},"end":{"line":4,"column":79}},"4":{"start":{"line":5,"column":0},"end":{"line":5,"column":36}},"5":{"start":{"line":7,"column":0},"end":{"line":7,"column":41}},"6":{"start":{"line":11,"column":13},"end":{"line":41,"column":2}},"7":{"start":{"line":12,"column":15},"end":{"line":12,"column":17}},"8":{"start":{"line":12,"column":22},"end":{"line":12,"column":24}},"9":{"start":{"line":13,"column":21},"end":{"line":13,"column":34}},"10":{"start":{"line":14,"column":21},"end":{"line":14,"column":34}},"11":{"start":{"line":17,"column":22},"end":{"line":30,"column":5}},"12":{"start":{"line":19,"column":28},"end":{"line":21,"column":null}},"13":{"start":{"line":25,"column":6},"end":{"line":29,"column":7}},"14":{"start":{"line":26,"column":8},"end":{"line":26,"column":43}},"15":{"start":{"line":28,"column":8},"end":{"line":28,"column":50}},"16":{"start":{"line":32,"column":4},"end":{"line":39,"column":6}}},"fnMap":{"0":{"name":"(anonymous_2)","decl":{"start":{"line":12,"column":2},"end":{"line":12,"column":3}},"loc":{"start":{"line":12,"column":24},"end":{"line":40,"column":3}}},"1":{"name":"(anonymous_3)","decl":{"start":{"line":17,"column":22},"end":{"line":17,"column":null}},"loc":{"start":{"line":17,"column":22},"end":{"line":30,"column":5}}}},"branchMap":{"0":{"loc":{"start":{"line":25,"column":6},"end":{"line":29,"column":7}},"type":"if","locations":[{"start":{"line":25,"column":6},"end":{"line":29,"column":7}},{"start":{"line":27,"column":13},"end":{"line":29,"column":7}}]}},"s":{"0":0,"1":0,"2":0,"3":0,"4":0,"5":0,"6":0,"7":0,"8":0,"9":0,"10":0,"11":0,"12":0,"13":0,"14":0,"15":0,"16":0},"f":{"0":0,"1":0},"b":{"0":[0,0]}}
,"D:\\proekts\\stellar-burgers\\src\\components\\burger-ingredient\\index.ts": {"path":"D:\\proekts\\stellar-burgers\\src\\components\\burger-ingredient\\index.ts","statementMap":{"0":{"start":{"line":1,"column":0},"end":{"line":1,"column":9}},"1":{"start":{"line":1,"column":9},"end":{"line":1,"column":55}}},"fnMap":{"0":{"name":"(anonymous_0)","decl":{"start":{"line":1,"column":9},"end":{"line":1,"column":25}},"loc":{"start":{"line":1,"column":9},"end":{"line":1,"column":55}}}},"branchMap":{},"s":{"0":0,"1":0},"f":{"0":0},"b":{}}
,"D:\\proekts\\stellar-burgers\\src\\components\\burger-ingredients\\burger-ingredients.tsx": {"path":"D:\\proekts\\stellar-burgers\\src\\components\\burger-ingredients\\burger-ingredients.tsx","statementMap":{"0":{"start":{"line":1,"column":0},"end":{"line":1,"column":56}},"1":{"start":{"line":2,"column":0},"end":{"line":2,"column":64}},"2":{"start":{"line":3,"column":0},"end":{"line":3,"column":74}},"3":{"start":{"line":4,"column":0},"end":{"line":4,"column":56}},"4":{"start":{"line":7,"column":0},"end":{"line":7,"column":63}},"5":{"start":{"line":9,"column":37},"end":{"line":84,"column":1}},"6":{"start":{"line":10,"column":19},"end":{"line":10,"column":32}},"7":{"start":{"line":15,"column":6},"end":{"line":15,"column":47}},"8":{"start":{"line":15,"column":29},"end":{"line":15,"column":47}},"9":{"start":{"line":12,"column":22},"end":{"line":12,"column":null}},"10":{"start":{"line":13,"column":11},"end":{"line":13,"column":null}},"11":{"start":{"line":14,"column":9},"end":{"line":14,"column":null}},"12":{"start":{"line":17,"column":2},"end":{"line":19,"column":17}},"13":{"start":{"line":18,"column":4},"end":{"line":18,"column":33}},"14":{"start":{"line":21,"column":15},"end":{"line":21,"column":77}},"15":{"start":{"line":21,"column":57},"end":{"line":21,"column":77}},"16":{"start":{"line":22,"column":16},"end":{"line":22,"column":79}},"17":{"start":{"line":22,"column":58},"end":{"line":22,"column":79}},"18":{"start":{"line":23,"column":17},"end":{"line":24,"column":null}},"19":{"start":{"line":24,"column":27},"end":{"line":24,"column":null}},"20":{"start":{"line":27,"column":38},"end":{"line":27,"column":63}},"21":{"start":{"line":27,"column":19},"end":{"line":27,"column":21}},"22":{"start":{"line":27,"column":34},"end":{"line":27,"column":38}},"23":{"start":{"line":28,"column":22},"end":{"line":28,"column":54}},"24":{"start":{"line":29,"column":23},"end":{"line":29,"column":55}},"25":{"start":{"line":30,"column":25},"end":{"line":30,"column":57}},"26":{"start":{"line":32,"column":32},"end":{"line":32,"column":59}},"27":{"start":{"line":32,"column":16},"end":{"line":32,"column":18}},"28":{"start":{"line":32,"column":28},"end":{"line":32,"column":32}},"29":{"start":{"line":33,"column":36},"end":{"line":33,"column":63}},"30":{"start":{"line":33,"column":17},"end":{"line":33,"column":19}},"31":{"start":{"line":33,"column":32},"end":{"line":33,"column":36}},"32":{"start":{"line":34,"column":36},"end":{"line":34,"column":63}},"33":{"start":{"line":34,"column":18},"end":{"line":34,"column":20}},"34":{"start":{"line":34,"column":32},"end":{"line":34,"column":36}},"35":{"start":{"line":36,"column":2},"end":{"line":44,"column":48}},"36":{"start":{"line":37,"column":4},"end":{"line":43,"column":5}},"37":{"start":{"line":38,"column":6},"end":{"line":38,"column":27}},"38":{"start":{"line":39,"column":11},"end":{"line":43,"column":5}},"39":{"start":{"line":40,"column":6},"end":{"line":40,"column":29}},"40":{"start":{"line":41,"column":11},"end":{"line":43,"column":5}},"41":{"start":{"line":42,"column":6},"end":{"line":42,"column":28}},"42":{"start":{"line":46,"column":21},"end":{"line":54,"column":3}},"43":{"start":{"line":47,"column":4},"end":{"line":47,"column":35}},"44":{"start":{"line":48,"column":4},"end":{"line":49,"column":66}},"45":{"start":{"line":49,"column":6},"end":{"line":49,"column":66}},"46":{"start":{"line":50,"column":4},"end":{"line":51,"column":67}},"47":{"start":{"line":51,"column":6},"end":{"line":51,"column":67}},"48":{"start":{"line":52,"column":4},"end":{"line":53,"column":69}},"49":{"start":{"line":53,"column":6},"end":{"line":53,"column":69}},"50":{"start":{"line":56,"column":2},"end":{"line":61,"column":6}},"51":{"start":{"line":57,"column":4},"end":{"line":61,"column":6}},"52":{"start":{"line":62,"column":2},"end":{"line":67,"column":6}},"53":{"start":{"line":63,"column":4},"end":{"line":67,"column":6}},"54":{"start":{"line":69,"column":2},"end":{"line":83,"column":4}},"55":{"start":{"line":9,"column":13},"end":{"line":9,"column":37}}},"fnMap":{"0":{"name":"(anonymous_0)","decl":{"start":{"line":9,"column":37},"end":{"line":9,"column":null}},"loc":{"start":{"line":9,"column":37},"end":{"line":84,"column":1}}},"1":{"name":"(anonymous_1)","decl":{"start":{"line":15,"column":18},"end":{"line":15,"column":19}},"loc":{"start":{"line":15,"column":24},"end":{"line":15,"column":34}}},"2":{"name":"(anonymous_2)","decl":{"start":{"line":17,"column":12},"end":{"line":17,"column":null}},"loc":{"start":{"line":17,"column":12},"end":{"line":19,"column":3}}},"3":{"name":"(anonymous_3)","decl":{"start":{"line":21,"column":34},"end":{"line":21,"column":35}},"loc":{"start":{"line":21,"column":52},"end":{"line":21,"column":61}}},"4":{"name":"(anonymous_4)","decl":{"start":{"line":22,"column":35},"end":{"line":22,"column":36}},"loc":{"start":{"line":22,"column":53},"end":{"line":22,"column":62}}},"5":{"name":"(anonymous_5)","decl":{"start":{"line":24,"column":4},"end":{"line":24,"column":5}},"loc":{"start":{"line":24,"column":22},"end":{"line":24,"column":31}}},"6":{"name":"(anonymous_6)","decl":{"start":{"line":36,"column":12},"end":{"line":36,"column":null}},"loc":{"start":{"line":36,"column":12},"end":{"line":44,"column":3}}},"7":{"name":"(anonymous_7)","decl":{"start":{"line":46,"column":21},"end":{"line":46,"column":22}},"loc":{"start":{"line":46,"column":33},"end":{"line":54,"column":3}}}},"branchMap":{"0":{"loc":{"start":{"line":37,"column":4},"end":{"line":43,"column":5}},"type":"if","locations":[{"start":{"line":37,"column":4},"end":{"line":43,"column":5}},{"start":{"line":39,"column":11},"end":{"line":43,"column":5}}]},"1":{"loc":{"start":{"line":39,"column":11},"end":{"line":43,"column":5}},"type":"if","locations":[{"start":{"line":39,"column":11},"end":{"line":43,"column":5}},{"start":{"line":41,"column":11},"end":{"line":43,"column":5}}]},"2":{"loc":{"start":{"line":41,"column":11},"end":{"line":43,"column":5}},"type":"if","locations":[{"start":{"line":41,"column":11},"end":{"line":43,"column":5}}]},"3":{"loc":{"start":{"line":48,"column":4},"end":{"line":49,"column":66}},"type":"if","locations":[{"start":{"line":48,"column":4},"end":{"line":49,"column":66}}]},"4":{"loc":{"start":{"line":49,"column":6},"end":{"line":49,"column":65}},"type":"cond-expr","locations":[{"start":{"line":49,"column":25},"end":{"line":49,"column":27}},{"start":{"line":49,"column":25},"end":{"line":49,"column":65}}]},"5":{"loc":{"start":{"line":49,"column":6},"end":{"line":49,"column":27}},"type":"binary-expr","locations":[{"start":{"line":49,"column":6},"end":{"line":49,"column":27}},{"start":{"line":49,"column":25},"end":{"line":49,"column":27}}]},"6":{"loc":{"start":{"line":50,"column":4},"end":{"line":51,"column":67}},"type":"if","locations":[{"start":{"line":50,"column":4},"end":{"line":51,"column":67}}]},"7":{"loc":{"start":{"line":51,"column":6},"end":{"line":51,"column":66}},"type":"cond-expr","locations":[{"start":{"line":51,"column":26},"end":{"line":51,"column":28}},{"start":{"line":51,"column":26},"end":{"line":51,"column":66}}]},"8":{"loc":{"start":{"line":51,"column":6},"end":{"line":51,"column":28}},"type":"binary-expr","locations":[{"start":{"line":51,"column":6},"end":{"line":51,"column":28}},{"start":{"line":51,"column":26},"end":{"line":51,"column":28}}]},"9":{"loc":{"start":{"line":52,"column":4},"end":{"line":53,"column":69}},"type":"if","locations":[{"start":{"line":52,"column":4},"end":{"line":53,"column":69}}]},"10":{"loc":{"start":{"line":53,"column":6},"end":{"line":53,"column":68}},"type":"cond-expr","locations":[{"start":{"line":53,"column":28},"end":{"line":53,"column":30}},{"start":{"line":53,"column":28},"end":{"line":53,"column":68}}]},"11":{"loc":{"start":{"line":53,"column":6},"end":{"line":53,"column":30}},"type":"binary-expr","locations":[{"start":{"line":53,"column":6},"end":{"line":53,"column":30}},{"start":{"line":53,"column":28},"end":{"line":53,"column":30}}]},"12":{"loc":{"start":{"line":56,"column":2},"end":{"line":61,"column":6}},"type":"if","locations":[{"start":{"line":56,"column":2},"end":{"line":61,"column":6}}]},"13":{"loc":{"start":{"line":62,"column":2},"end":{"line":67,"column":6}},"type":"if","locations":[{"start":{"line":62,"column":2},"end":{"line":67,"column":6}}]}},"s":{"0":0,"1":0,"2":0,"3":0,"4":0,"5":0,"6":0,"7":0,"8":0,"9":0,"10":0,"11":0,"12":0,"13":0,"14":0,"15":0,"16":0,"17":0,"18":0,"19":0,"20":0,"21":0,"22":0,"23":0,"24":0,"25":0,"26":0,"27":0,"28":0,"29":0,"30":0,"31":0,"32":0,"33":0,"34":0,"35":0,"36":0,"37":0,"38":0,"39":0,"40":0,"41":0,"42":0,"43":0,"44":0,"45":0,"46":0,"47":0,"48":0,"49":0,"50":0,"51":0,"52":0,"53":0,"54":0,"55":0},"f":{"0":0,"1":0,"2":0,"3":0,"4":0,"5":0,"6":0,"7":0},"b":{"0":[0,0],"1":[0,0],"2":[0],"3":[0],"4":[0,0],"5":[0,0],"6":[0],"7":[0,0],"8":[0,0],"9":[0],"10":[0,0],"11":[0,0],"12":[0],"13":[0]}}
,"D:\\proekts\\stellar-burgers\\src\\components\\burger-ingredients\\index.ts": {"path":"D:\\proekts\\stellar-burgers\\src\\components\\burger-ingredients\\index.ts","statementMap":{"0":{"start":{"line":1,"column":0},"end":{"line":1,"column":9}},"1":{"start":{"line":1,"column":9},"end":{"line":1,"column":57}}},"fnMap":{"0":{"name":"(anonymous_0)","decl":{"start":{"line":1,"column":9},"end":{"line":1,"column":26}},"loc":{"start":{"line":1,"column":9},"end":{"line":1,"column":57}}}},"branchMap":{},"s":{"0":0,"1":0},"f":{"0":0},"b":{}}
,"D:\\proekts\\stellar-burgers\\src\\components\\feed-info\\feed-info.tsx": {"path":"D:\\proekts\\stellar-burgers\\src\\components\\feed-info\\feed-info.tsx","statementMap":{"0":{"start":{"line":2,"column":0},"end":{"line":2,"column":51}},"1":{"start":{"line":5,"column":0},"end":{"line":5,"column":45}},"2":{"start":{"line":7,"column":18},"end":{"line":8,"column":8}},"3":{"start":{"line":8,"column":2},"end":{"line":11,"column":18}},"4":{"start":{"line":9,"column":22},"end":{"line":9,"column":45}},"5":{"start":{"line":10,"column":19},"end":{"line":10,"column":31}},"6":{"start":{"line":13,"column":28},"end":{"line":29,"column":1}},"7":{"start":{"line":14,"column":40},"end":{"line":14,"column":74}},"8":{"start":{"line":14,"column":63},"end":{"line":14,"column":74}},"9":{"start":{"line":14,"column":16},"end":{"line":14,"column":18}},"10":{"start":{"line":14,"column":23},"end":{"line":14,"column":25}},"11":{"start":{"line":14,"column":35},"end":{"line":14,"column":40}},"12":{"start":{"line":16,"column":22},"end":{"line":16,"column":47}},"13":{"start":{"line":17,"column":24},"end":{"line":17,"column":52}},"14":{"start":{"line":19,"column":2},"end":{"line":28,"column":4}},"15":{"start":{"line":13,"column":13},"end":{"line":13,"column":28}}},"fnMap":{"0":{"name":"(anonymous_0)","decl":{"start":{"line":7,"column":18},"end":{"line":7,"column":19}},"loc":{"start":{"line":7,"column":51},"end":{"line":8,"column":8}}},"1":{"name":"(anonymous_1)","decl":{"start":{"line":9,"column":12},"end":{"line":9,"column":13}},"loc":{"start":{"line":9,"column":17},"end":{"line":9,"column":26}}},"2":{"name":"(anonymous_2)","decl":{"start":{"line":10,"column":9},"end":{"line":10,"column":10}},"loc":{"start":{"line":10,"column":14},"end":{"line":10,"column":23}}},"3":{"name":"(anonymous_3)","decl":{"start":{"line":13,"column":28},"end":{"line":13,"column":null}},"loc":{"start":{"line":13,"column":28},"end":{"line":29,"column":1}}},"4":{"name":"(anonymous_4)","decl":{"start":{"line":14,"column":52},"end":{"line":14,"column":53}},"loc":{"start":{"line":14,"column":58},"end":{"line":14,"column":68}}}},"branchMap":{"0":{"loc":{"start":{"line":24,"column":15},"end":{"line":24,"column":25}},"type":"binary-expr","locations":[{"start":{"line":24,"column":15},"end":{"line":24,"column":20}},{"start":{"line":24,"column":24},"end":{"line":24,"column":25}}]},"1":{"loc":{"start":{"line":25,"column":20},"end":{"line":25,"column":35}},"type":"binary-expr","locations":[{"start":{"line":25,"column":20},"end":{"line":25,"column":30}},{"start":{"line":25,"column":34},"end":{"line":25,"column":35}}]}},"s":{"0":0,"1":0,"2":0,"3":0,"4":0,"5":0,"6":0,"7":0,"8":0,"9":0,"10":0,"11":0,"12":0,"13":0,"14":0,"15":0},"f":{"0":0,"1":0,"2":0,"3":0,"4":0},"b":{"0":[0,0],"1":[0,0]}}
,"D:\\proekts\\stellar-burgers\\src\\components\\feed-info\\index.ts": {"path":"D:\\proekts\\stellar-burgers\\src\\components\\feed-info\\index.ts","statementMap":{"0":{"start":{"line":1,"column":0},"end":{"line":1,"column":9}},"1":{"start":{"line":1,"column":9},"end":{"line":1,"column":39}}},"fnMap":{"0":{"name":"(anonymous_0)","decl":{"start":{"line":1,"column":9},"end":{"line":1,"column":17}},"loc":{"start":{"line":1,"column":9},"end":{"line":1,"column":39}}}},"branchMap":{},"s":{"0":0,"1":0},"f":{"0":0},"b":{}}
,"D:\\proekts\\stellar-burgers\\src\\components\\ingredient-details\\index.ts": {"path":"D:\\proekts\\stellar-burgers\\src\\components\\ingredient-details\\index.ts","statementMap":{"0":{"start":{"line":1,"column":0},"end":{"line":1,"column":9}},"1":{"start":{"line":1,"column":9},"end":{"line":1,"column":57}}},"fnMap":{"0":{"name":"(anonymous_0)","decl":{"start":{"line":1,"column":9},"end":{"line":1,"column":26}},"loc":{"start":{"line":1,"column":9},"end":{"line":1,"column":57}}}},"branchMap":{},"s":{"0":0,"1":0},"f":{"0":0},"b":{}}
,"D:\\proekts\\stellar-burgers\\src\\components\\ingredient-details\\ingredient-details.tsx": {"path":"D:\\proekts\\stellar-burgers\\src\\components\\ingredient-details\\ingredient-details.tsx","statementMap":{"0":{"start":{"line":2,"column":0},"end":{"line":2,"column":44}},"1":{"start":{"line":3,"column":0},"end":{"line":3,"column":63}},"2":{"start":{"line":5,"column":37},"end":{"line":14,"column":1}},"3":{"start":{"line":7,"column":25},"end":{"line":7,"column":29}},"4":{"start":{"line":9,"column":2},"end":{"line":11,"column":3}},"5":{"start":{"line":10,"column":4},"end":{"line":10,"column":25}},"6":{"start":{"line":13,"column":2},"end":{"line":13,"column":65}},"7":{"start":{"line":5,"column":13},"end":{"line":5,"column":37}}},"fnMap":{"0":{"name":"(anonymous_0)","decl":{"start":{"line":5,"column":37},"end":{"line":5,"column":null}},"loc":{"start":{"line":5,"column":37},"end":{"line":14,"column":1}}}},"branchMap":{"0":{"loc":{"start":{"line":9,"column":2},"end":{"line":11,"column":3}},"type":"if","locations":[{"start":{"line":9,"column":2},"end":{"line":11,"column":3}}]}},"s":{"0":0,"1":0,"2":0,"3":0,"4":0,"5":0,"6":0,"7":0},"f":{"0":0},"b":{"0":[0]}}
,"D:\\proekts\\stellar-burgers\\src\\components\\ingredients-category\\index.ts": {"path":"D:\\proekts\\stellar-burgers\\src\\components\\ingredients-category\\index.ts","statementMap":{"0":{"start":{"line":1,"column":0},"end":{"line":1,"column":9}},"1":{"start":{"line":1,"column":9},"end":{"line":1,"column":61}}},"fnMap":{"0":{"name":"(anonymous_0)","decl":{"start":{"line":1,"column":9},"end":{"line":1,"column":28}},"loc":{"start":{"line":1,"column":9},"end":{"line":1,"column":61}}}},"branchMap":{},"s":{"0":0,"1":0},"f":{"0":0},"b":{}}
,"D:\\proekts\\stellar-burgers\\src\\components\\ingredients-category\\ingredients-category.tsx": {"path":"D:\\proekts\\stellar-burgers\\src\\components\\ingredients-category\\ingredients-category.tsx","statementMap":{"0":{"start":{"line":1,"column":0},"end":{"line":1,"column":44}},"1":{"start":{"line":4,"column":0},"end":{"line":4,"column":67}},"2":{"start":{"line":5,"column":0},"end":{"line":5,"column":51}},"3":{"start":{"line":7,"column":13},"end":{"line":41,"column":3}},"4":{"start":{"line":10,"column":10},"end":{"line":10,"column":12}},"5":{"start":{"line":10,"column":20},"end":{"line":10,"column":22}},"6":{"start":{"line":10,"column":33},"end":{"line":10,"column":35}},"7":{"start":{"line":12,"column":28},"end":{"line":15,"column":5}},"8":{"start":{"line":12,"column":51},"end":{"line":15,"column":5}},"9":{"start":{"line":17,"column":30},"end":{"line":30,"column":25}},"10":{"start":{"line":18,"column":33},"end":{"line":18,"column":51}},"11":{"start":{"line":19,"column":48},"end":{"line":19,"column":50}},"12":{"start":{"line":21,"column":4},"end":{"line":26,"column":5}},"13":{"start":{"line":22,"column":6},"end":{"line":25,"column":9}},"14":{"start":{"line":23,"column":8},"end":{"line":23,"column":68}},"15":{"start":{"line":23,"column":39},"end":{"line":23,"column":68}},"16":{"start":{"line":24,"column":8},"end":{"line":24,"column":35}},"17":{"start":{"line":28,"column":4},"end":{"line":28,"column":35}},"18":{"start":{"line":28,"column":13},"end":{"line":28,"column":35}},"19":{"start":{"line":29,"column":4},"end":{"line":29,"column":20}},"20":{"start":{"line":32,"column":2},"end":{"line":40,"column":4}}},"fnMap":{"0":{"name":"(anonymous_0)","decl":{"start":{"line":10,"column":2},"end":{"line":10,"column":3}},"loc":{"start":{"line":10,"column":40},"end":{"line":41,"column":1}}},"1":{"name":"(anonymous_1)","decl":{"start":{"line":12,"column":40},"end":{"line":12,"column":41}},"loc":{"start":{"line":12,"column":46},"end":{"line":12,"column":52}}},"2":{"name":"(anonymous_2)","decl":{"start":{"line":17,"column":38},"end":{"line":17,"column":null}},"loc":{"start":{"line":17,"column":38},"end":{"line":30,"column":3}}},"3":{"name":"(anonymous_3)","decl":{"start":{"line":22,"column":26},"end":{"line":22,"column":27}},"loc":{"start":{"line":22,"column":50},"end":{"line":25,"column":7}}}},"branchMap":{"0":{"loc":{"start":{"line":21,"column":4},"end":{"line":26,"column":5}},"type":"if","locations":[{"start":{"line":21,"column":4},"end":{"line":26,"column":5}}]},"1":{"loc":{"start":{"line":23,"column":8},"end":{"line":23,"column":68}},"type":"if","locations":[{"start":{"line":23,"column":8},"end":{"line":23,"column":68}}]},"2":{"loc":{"start":{"line":28,"column":4},"end":{"line":28,"column":35}},"type":"if","locations":[{"start":{"line":28,"column":4},"end":{"line":28,"column":35}}]}},"s":{"0":0,"1":0,"2":0,"3":0,"4":0,"5":0,"6":0,"7":0,"8":0,"9":0,"10":0,"11":0,"12":0,"13":0,"14":0,"15":0,"16":0,"17":0,"18":0,"19":0,"20":0},"f":{"0":0,"1":0,"2":0,"3":0},"b":{"0":[0],"1":[0],"2":[0]}}
,"D:\\proekts\\stellar-burgers\\src\\components\\modal\\index.ts": {"path":"D:\\proekts\\stellar-burgers\\src\\components\\modal\\index.ts","statementMap":{"0":{"start":{"line":1,"column":0},"end":{"line":1,"column":9}},"1":{"start":{"line":1,"column":9},"end":{"line":1,"column":32}}},"fnMap":{"0":{"name":"(anonymous_0)","decl":{"start":{"line":1,"column":9},"end":{"line":1,"column":14}},"loc":{"start":{"line":1,"column":9},"end":{"line":1,"column":32}}}},"branchMap":{},"s":{"0":0,"1":0},"f":{"0":0},"b":{}}
,"D:\\proekts\\stellar-burgers\\src\\components\\modal\\modal.tsx": {"path":"D:\\proekts\\stellar-burgers\\src\\components\\modal\\modal.tsx","statementMap":{"0":{"start":{"line":1,"column":0},"end":{"line":1,"column":44}},"1":{"start":{"line":2,"column":0},"end":{"line":2,"column":33}},"2":{"start":{"line":5,"column":0},"end":{"line":5,"column":30}},"3":{"start":{"line":7,"column":18},"end":{"line":7,"column":51}},"4":{"start":{"line":9,"column":13},"end":{"line":27,"column":3}},"5":{"start":{"line":9,"column":51},"end":{"line":9,"column":53}},"6":{"start":{"line":9,"column":60},"end":{"line":9,"column":62}},"7":{"start":{"line":9,"column":70},"end":{"line":9,"column":72}},"8":{"start":{"line":10,"column":2},"end":{"line":19,"column":16}},"9":{"start":{"line":11,"column":22},"end":{"line":13,"column":5}},"10":{"start":{"line":12,"column":6},"end":{"line":12,"column":38}},"11":{"start":{"line":15,"column":4},"end":{"line":15,"column":52}},"12":{"start":{"line":16,"column":4},"end":{"line":18,"column":6}},"13":{"start":{"line":17,"column":6},"end":{"line":17,"column":57}},"14":{"start":{"line":21,"column":2},"end":{"line":26,"column":4}}},"fnMap":{"0":{"name":"(anonymous_1)","decl":{"start":{"line":9,"column":43},"end":{"line":9,"column":44}},"loc":{"start":{"line":9,"column":72},"end":{"line":27,"column":1}}},"1":{"name":"(anonymous_2)","decl":{"start":{"line":10,"column":12},"end":{"line":10,"column":null}},"loc":{"start":{"line":10,"column":12},"end":{"line":19,"column":3}}},"2":{"name":"(anonymous_3)","decl":{"start":{"line":11,"column":22},"end":{"line":11,"column":23}},"loc":{"start":{"line":11,"column":39},"end":{"line":13,"column":5}}},"3":{"name":"(anonymous_4)","decl":{"start":{"line":16,"column":11},"end":{"line":16,"column":null}},"loc":{"start":{"line":16,"column":11},"end":{"line":18,"column":5}}}},"branchMap":{"0":{"loc":{"start":{"line":12,"column":6},"end":{"line":12,"column":37}},"type":"binary-expr","locations":[{"start":{"line":12,"column":6},"end":{"line":12,"column":24}},{"start":{"line":12,"column":28},"end":{"line":12,"column":37}}]}},"s":{"0":0,"1":0,"2":0,"3":0,"4":0,"5":0,"6":0,"7":0,"8":0,"9":0,"10":0,"11":0,"12":0,"13":0,"14":0},"f":{"0":0,"1":0,"2":0,"3":0},"b":{"0":[0,0]}}
,"D:\\proekts\\stellar-burgers\\src\\components\\order-card\\index.ts": {"path":"D:\\proekts\\stellar-burgers\\src\\components\\order-card\\index.ts","statementMap":{"0":{"start":{"line":1,"column":0},"end":{"line":1,"column":9}},"1":{"start":{"line":1,"column":9},"end":{"line":1,"column":41}}},"fnMap":{"0":{"name":"(anonymous_0)","decl":{"start":{"line":1,"column":9},"end":{"line":1,"column":18}},"loc":{"start":{"line":1,"column":9},"end":{"line":1,"column":41}}}},"branchMap":{},"s":{"0":0,"1":0},"f":{"0":0},"b":{}}
,"D:\\proekts\\stellar-burgers\\src\\components\\order-card\\order-card.tsx": {"path":"D:\\proekts\\stellar-burgers\\src\\components\\order-card\\order-card.tsx","statementMap":{"0":{"start":{"line":1,"column":0},"end":{"line":1,"column":42}},"1":{"start":{"line":2,"column":0},"end":{"line":2,"column":47}},"2":{"start":{"line":3,"column":0},"end":{"line":3,"column":51}},"3":{"start":{"line":7,"column":0},"end":{"line":7,"column":47}},"4":{"start":{"line":9,"column":23},"end":{"line":9,"column":24}},"5":{"start":{"line":11,"column":13},"end":{"line":56,"column":3}},"6":{"start":{"line":11,"column":58},"end":{"line":11,"column":60}},"7":{"start":{"line":12,"column":19},"end":{"line":12,"column":32}},"8":{"start":{"line":13,"column":33},"end":{"line":13,"column":75}},"9":{"start":{"line":13,"column":56},"end":{"line":13,"column":74}},"10":{"start":{"line":15,"column":20},"end":{"line":45,"column":26}},"11":{"start":{"line":16,"column":4},"end":{"line":16,"column":41}},"12":{"start":{"line":16,"column":29},"end":{"line":16,"column":41}},"13":{"start":{"line":18,"column":28},"end":{"line":24,"column":null}},"14":{"start":{"line":20,"column":27},"end":{"line":20,"column":70}},"15":{"start":{"line":20,"column":53},"end":{"line":20,"column":70}},"16":{"start":{"line":21,"column":8},"end":{"line":21,"column":52}},"17":{"start":{"line":21,"column":24},"end":{"line":21,"column":52}},"18":{"start":{"line":22,"column":8},"end":{"line":22,"column":19}},"19":{"start":{"line":27,"column":18},"end":{"line":27,"column":76}},"20":{"start":{"line":27,"column":56},"end":{"line":27,"column":74}},"21":{"start":{"line":29,"column":30},"end":{"line":29,"column":70}},"22":{"start":{"line":32,"column":6},"end":{"line":34,"column":11}},"23":{"start":{"line":36,"column":17},"end":{"line":36,"column":42}},"24":{"start":{"line":37,"column":4},"end":{"line":43,"column":null}},"25":{"start":{"line":47,"column":2},"end":{"line":47,"column":30}},"26":{"start":{"line":47,"column":18},"end":{"line":47,"column":30}},"27":{"start":{"line":49,"column":2},"end":{"line":55,"column":4}}},"fnMap":{"0":{"name":"(anonymous_3)","decl":{"start":{"line":11,"column":50},"end":{"line":11,"column":51}},"loc":{"start":{"line":11,"column":60},"end":{"line":56,"column":1}}},"1":{"name":"(anonymous_4)","decl":{"start":{"line":13,"column":45},"end":{"line":13,"column":46}},"loc":{"start":{"line":13,"column":51},"end":{"line":13,"column":61}}},"2":{"name":"(anonymous_5)","decl":{"start":{"line":15,"column":28},"end":{"line":15,"column":null}},"loc":{"start":{"line":15,"column":28},"end":{"line":45,"column":3}}},"3":{"name":"(anonymous_6)","decl":{"start":{"line":19,"column":6},"end":{"line":19,"column":7}},"loc":{"start":{"line":19,"column":39},"end":{"line":23,"column":7}}},"4":{"name":"(anonymous_7)","decl":{"start":{"line":20,"column":44},"end":{"line":20,"column":45}},"loc":{"start":{"line":20,"column":48},"end":{"line":20,"column":56}}},"5":{"name":"(anonymous_8)","decl":{"start":{"line":27,"column":41},"end":{"line":27,"column":42}},"loc":{"start":{"line":27,"column":51},"end":{"line":27,"column":59}}}},"branchMap":{"0":{"loc":{"start":{"line":16,"column":4},"end":{"line":16,"column":41}},"type":"if","locations":[{"start":{"line":16,"column":4},"end":{"line":16,"column":41}}]},"1":{"loc":{"start":{"line":21,"column":8},"end":{"line":21,"column":52}},"type":"if","locations":[{"start":{"line":21,"column":8},"end":{"line":21,"column":52}}]},"2":{"loc":{"start":{"line":32,"column":6},"end":{"line":34,"column":11}},"type":"cond-expr","locations":[{"start":{"line":33,"column":10},"end":{"line":33,"column":49}},{"start":{"line":34,"column":10},"end":{"line":34,"column":11}}]},"3":{"loc":{"start":{"line":47,"column":2},"end":{"line":47,"column":30}},"type":"if","locations":[{"start":{"line":47,"column":2},"end":{"line":47,"column":30}}]}},"s":{"0":0,"1":0,"2":0,"3":0,"4":0,"5":0,"6":0,"7":0,"8":0,"9":0,"10":0,"11":0,"12":0,"13":0,"14":0,"15":0,"16":0,"17":0,"18":0,"19":0,"20":0,"21":0,"22":0,"23":0,"24":0,"25":0,"26":0,"27":0},"f":{"0":0,"1":0,"2":0,"3":0,"4":0,"5":0},"b":{"0":[0],"1":[0],"2":[0,0],"3":[0]}}
,"D:\\proekts\\stellar-burgers\\src\\components\\order-info\\index.ts": {"path":"D:\\proekts\\stellar-burgers\\src\\components\\order-info\\index.ts","statementMap":{"0":{"start":{"line":1,"column":0},"end":{"line":1,"column":9}},"1":{"start":{"line":1,"column":9},"end":{"line":1,"column":41}}},"fnMap":{"0":{"name":"(anonymous_0)","decl":{"start":{"line":1,"column":9},"end":{"line":1,"column":18}},"loc":{"start":{"line":1,"column":9},"end":{"line":1,"column":41}}}},"branchMap":{},"s":{"0":0,"1":0},"f":{"0":0},"b":{}}
,"D:\\proekts\\stellar-burgers\\src\\components\\order-info\\order-info.tsx": {"path":"D:\\proekts\\stellar-burgers\\src\\components\\order-info\\order-info.tsx","statementMap":{"0":{"start":{"line":1,"column":0},"end":{"line":1,"column":36}},"1":{"start":{"line":2,"column":0},"end":{"line":2,"column":44}},"2":{"start":{"line":3,"column":0},"end":{"line":3,"column":47}},"3":{"start":{"line":6,"column":29},"end":{"line":67,"column":1}},"4":{"start":{"line":8,"column":20},"end":{"line":16,"column":4}},"5":{"start":{"line":18,"column":37},"end":{"line":18,"column":39}},"6":{"start":{"line":21,"column":20},"end":{"line":60,"column":30}},"7":{"start":{"line":22,"column":4},"end":{"line":22,"column":55}},"8":{"start":{"line":22,"column":43},"end":{"line":22,"column":55}},"9":{"start":{"line":24,"column":17},"end":{"line":24,"column":46}},"10":{"start":{"line":30,"column":28},"end":{"line":46,"column":null}},"11":{"start":{"line":32,"column":8},"end":{"line":42,"column":9}},"12":{"start":{"line":33,"column":29},"end":{"line":33,"column":72}},"13":{"start":{"line":33,"column":55},"end":{"line":33,"column":72}},"14":{"start":{"line":34,"column":10},"end":{"line":39,"column":11}},"15":{"start":{"line":35,"column":12},"end":{"line":38,"column":14}},"16":{"start":{"line":41,"column":10},"end":{"line":41,"column":28}},"17":{"start":{"line":44,"column":8},"end":{"line":44,"column":19}},"18":{"start":{"line":49,"column":18},"end":{"line":51,"column":null}},"19":{"start":{"line":50,"column":21},"end":{"line":50,"column":null}},"20":{"start":{"line":54,"column":4},"end":{"line":58,"column":null}},"21":{"start":{"line":62,"column":2},"end":{"line":64,"column":3}},"22":{"start":{"line":63,"column":4},"end":{"line":63,"column":25}},"23":{"start":{"line":66,"column":2},"end":{"line":66,"column":47}},"24":{"start":{"line":6,"column":13},"end":{"line":6,"column":29}}},"fnMap":{"0":{"name":"(anonymous_2)","decl":{"start":{"line":6,"column":29},"end":{"line":6,"column":null}},"loc":{"start":{"line":6,"column":29},"end":{"line":67,"column":1}}},"1":{"name":"(anonymous_3)","decl":{"start":{"line":21,"column":28},"end":{"line":21,"column":null}},"loc":{"start":{"line":21,"column":28},"end":{"line":60,"column":3}}},"2":{"name":"(anonymous_4)","decl":{"start":{"line":31,"column":6},"end":{"line":31,"column":7}},"loc":{"start":{"line":31,"column":39},"end":{"line":45,"column":7}}},"3":{"name":"(anonymous_5)","decl":{"start":{"line":33,"column":46},"end":{"line":33,"column":47}},"loc":{"start":{"line":33,"column":50},"end":{"line":33,"column":58}}},"4":{"name":"(anonymous_6)","decl":{"start":{"line":50,"column":6},"end":{"line":50,"column":7}},"loc":{"start":{"line":50,"column":16},"end":{"line":50,"column":24}}}},"branchMap":{"0":{"loc":{"start":{"line":22,"column":4},"end":{"line":22,"column":55}},"type":"if","locations":[{"start":{"line":22,"column":4},"end":{"line":22,"column":55}}]},"1":{"loc":{"start":{"line":22,"column":8},"end":{"line":22,"column":41}},"type":"binary-expr","locations":[{"start":{"line":22,"column":8},"end":{"line":22,"column":18}},{"start":{"line":22,"column":22},"end":{"line":22,"column":41}}]},"2":{"loc":{"start":{"line":32,"column":8},"end":{"line":42,"column":9}},"type":"if","locations":[{"start":{"line":32,"column":8},"end":{"line":42,"column":9}},{"start":{"line":40,"column":15},"end":{"line":42,"column":9}}]},"3":{"loc":{"start":{"line":34,"column":10},"end":{"line":39,"column":11}},"type":"if","locations":[{"start":{"line":34,"column":10},"end":{"line":39,"column":11}}]},"4":{"loc":{"start":{"line":62,"column":2},"end":{"line":64,"column":3}},"type":"if","locations":[{"start":{"line":62,"column":2},"end":{"line":64,"column":3}}]}},"s":{"0":0,"1":0,"2":0,"3":0,"4":0,"5":0,"6":0,"7":0,"8":0,"9":0,"10":0,"11":0,"12":0,"13":0,"14":0,"15":0,"16":0,"17":0,"18":0,"19":0,"20":0,"21":0,"22":0,"23":0,"24":0},"f":{"0":0,"1":0,"2":0,"3":0,"4":0},"b":{"0":[0],"1":[0,0],"2":[0,0],"3":[0],"4":[0]}}
,"D:\\proekts\\stellar-burgers\\src\\components\\order-status\\index.ts": {"path":"D:\\proekts\\stellar-burgers\\src\\components\\order-status\\index.ts","statementMap":{"0":{"start":{"line":1,"column":0},"end":{"line":1,"column":9}},"1":{"start":{"line":1,"column":9},"end":{"line":1,"column":45}}},"fnMap":{"0":{"name":"(anonymous_0)","decl":{"start":{"line":1,"column":9},"end":{"line":1,"column":20}},"loc":{"start":{"line":1,"column":9},"end":{"line":1,"column":45}}}},"branchMap":{},"s":{"0":0,"1":0},"f":{"0":0},"b":{}}
,"D:\\proekts\\stellar-burgers\\src\\components\\order-status\\order-status.tsx": {"path":"D:\\proekts\\stellar-burgers\\src\\components\\order-status\\order-status.tsx","statementMap":{"0":{"start":{"line":3,"column":0},"end":{"line":3,"column":36}},"1":{"start":{"line":5,"column":46},"end":{"line":9,"column":2}},"2":{"start":{"line":11,"column":49},"end":{"line":25,"column":1}},"3":{"start":{"line":11,"column":58},"end":{"line":11,"column":60}},"4":{"start":{"line":12,"column":18},"end":{"line":12,"column":20}},"5":{"start":{"line":13,"column":2},"end":{"line":22,"column":3}},"6":{"start":{"line":15,"column":6},"end":{"line":15,"column":28}},"7":{"start":{"line":16,"column":6},"end":{"line":16,"column":12}},"8":{"start":{"line":18,"column":6},"end":{"line":18,"column":28}},"9":{"start":{"line":19,"column":6},"end":{"line":19,"column":12}},"10":{"start":{"line":21,"column":6},"end":{"line":21,"column":28}},"11":{"start":{"line":24,"column":2},"end":{"line":24,"column":78}},"12":{"start":{"line":11,"column":13},"end":{"line":11,"column":49}}},"fnMap":{"0":{"name":"(anonymous_0)","decl":{"start":{"line":11,"column":49},"end":{"line":11,"column":50}},"loc":{"start":{"line":11,"column":60},"end":{"line":25,"column":1}}}},"branchMap":{"0":{"loc":{"start":{"line":13,"column":2},"end":{"line":22,"column":3}},"type":"switch","locations":[{"start":{"line":14,"column":4},"end":{"line":16,"column":12}},{"start":{"line":17,"column":4},"end":{"line":19,"column":12}},{"start":{"line":20,"column":4},"end":{"line":21,"column":28}}]}},"s":{"0":0,"1":0,"2":0,"3":0,"4":0,"5":0,"6":0,"7":0,"8":0,"9":0,"10":0,"11":0,"12":0},"f":{"0":0},"b":{"0":[0,0,0]}}
,"D:\\proekts\\stellar-burgers\\src\\components\\orders-list\\index.ts": {"path":"D:\\proekts\\stellar-burgers\\src\\components\\orders-list\\index.ts","statementMap":{"0":{"start":{"line":1,"column":0},"end":{"line":1,"column":9}},"1":{"start":{"line":1,"column":9},"end":{"line":1,"column":43}}},"fnMap":{"0":{"name":"(anonymous_0)","decl":{"start":{"line":1,"column":9},"end":{"line":1,"column":19}},"loc":{"start":{"line":1,"column":9},"end":{"line":1,"column":43}}}},"branchMap":{},"s":{"0":0,"1":0},"f":{"0":0},"b":{}}
,"D:\\proekts\\stellar-burgers\\src\\components\\orders-list\\orders-list.tsx": {"path":"D:\\proekts\\stellar-burgers\\src\\components\\orders-list\\orders-list.tsx","statementMap":{"0":{"start":{"line":1,"column":0},"end":{"line":1,"column":33}},"1":{"start":{"line":4,"column":0},"end":{"line":4,"column":35}},"2":{"start":{"line":6,"column":13},"end":{"line":12,"column":3}},"3":{"start":{"line":6,"column":61},"end":{"line":6,"column":63}},"4":{"start":{"line":7,"column":22},"end":{"line":8,"column":null}},"5":{"start":{"line":8,"column":14},"end":{"line":8,"column":null}},"6":{"start":{"line":11,"column":2},"end":{"line":11,"column":52}}},"fnMap":{"0":{"name":"(anonymous_1)","decl":{"start":{"line":6,"column":52},"end":{"line":6,"column":53}},"loc":{"start":{"line":6,"column":63},"end":{"line":12,"column":1}}},"1":{"name":"(anonymous_2)","decl":{"start":{"line":8,"column":4},"end":{"line":8,"column":5}},"loc":{"start":{"line":8,"column":9},"end":{"line":8,"column":18}}}},"branchMap":{},"s":{"0":0,"1":0,"2":0,"3":0,"4":0,"5":0,"6":0},"f":{"0":0,"1":0},"b":{}}
,"D:\\proekts\\stellar-burgers\\src\\components\\profile-menu\\index.ts": {"path":"D:\\proekts\\stellar-burgers\\src\\components\\profile-menu\\index.ts","statementMap":{"0":{"start":{"line":1,"column":0},"end":{"line":1,"column":9}},"1":{"start":{"line":1,"column":9},"end":{"line":1,"column":45}}},"fnMap":{"0":{"name":"(anonymous_0)","decl":{"start":{"line":1,"column":9},"end":{"line":1,"column":20}},"loc":{"start":{"line":1,"column":9},"end":{"line":1,"column":45}}}},"branchMap":{},"s":{"0":0,"1":0},"f":{"0":0},"b":{}}
,"D:\\proekts\\stellar-burgers\\src\\components\\profile-menu\\profile-menu.tsx": {"path":"D:\\proekts\\stellar-burgers\\src\\components\\profile-menu\\profile-menu.tsx","statementMap":{"0":{"start":{"line":2,"column":0},"end":{"line":2,"column":60}},"1":{"start":{"line":3,"column":0},"end":{"line":3,"column":36}},"2":{"start":{"line":4,"column":0},"end":{"line":4,"column":51}},"3":{"start":{"line":5,"column":0},"end":{"line":5,"column":57}},"4":{"start":{"line":7,"column":31},"end":{"line":21,"column":1}},"5":{"start":{"line":8,"column":23},"end":{"line":8,"column":37}},"6":{"start":{"line":9,"column":19},"end":{"line":9,"column":32}},"7":{"start":{"line":10,"column":19},"end":{"line":10,"column":32}},"8":{"start":{"line":12,"column":23},"end":{"line":18,"column":3}},"9":{"start":{"line":13,"column":4},"end":{"line":17,"column":9}},"10":{"start":{"line":16,"column":8},"end":{"line":16,"column":46}},"11":{"start":{"line":20,"column":2},"end":{"line":20,"column":75}},"12":{"start":{"line":7,"column":13},"end":{"line":7,"column":31}}},"fnMap":{"0":{"name":"(anonymous_0)","decl":{"start":{"line":7,"column":31},"end":{"line":7,"column":null}},"loc":{"start":{"line":7,"column":31},"end":{"line":21,"column":1}}},"1":{"name":"(anonymous_1)","decl":{"start":{"line":12,"column":23},"end":{"line":12,"column":null}},"loc":{"start":{"line":12,"column":23},"end":{"line":18,"column":3}}},"2":{"name":"(anonymous_2)","decl":{"start":{"line":15,"column":12},"end":{"line":15,"column":null}},"loc":{"start":{"line":15,"column":12},"end":{"line":17,"column":7}}}},"branchMap":{},"s":{"0":0,"1":0,"2":0,"3":0,"4":0,"5":0,"6":0,"7":0,"8":0,"9":0,"10":0,"11":0,"12":0},"f":{"0":0,"1":0,"2":0},"b":{}}
,"D:\\proekts\\stellar-burgers\\src\\components\\ui\\index.ts": {"path":"D:\\proekts\\stellar-burgers\\src\\components\\ui\\index.ts","statementMap":{"0":{"start":{"line":1,"column":0},"end":{"line":1,"column":29}},"1":{"start":{"line":2,"column":0},"end":{"line":2,"column":37}},"2":{"start":{"line":3,"column":0},"end":{"line":3,"column":45}},"3":{"start":{"line":4,"column":0},"end":{"line":4,"column":36}},"4":{"start":{"line":5,"column":0},"end":{"line":5,"column":37}},"5":{"start":{"line":6,"column":0},"end":{"line":6,"column":28}},"6":{"start":{"line":7,"column":0},"end":{"line":7,"column":37}},"7":{"start":{"line":8,"column":0},"end":{"line":8,"column":39}},"8":{"start":{"line":9,"column":0},"end":{"line":9,"column":24}},"9":{"start":{"line":10,"column":0},"end":{"line":10,"column":32}},"10":{"start":{"line":11,"column":0},"end":{"line":11,"column":29}},"11":{"start":{"line":12,"column":0},"end":{"line":12,"column":32}},"12":{"start":{"line":13,"column":0},"end":{"line":13,"column":29}},"13":{"start":{"line":14,"column":0},"end":{"line":14,"column":31}},"14":{"start":{"line":15,"column":0},"end":{"line":15,"column":30}},"15":{"start":{"line":16,"column":0},"end":{"line":16,"column":28}},"16":{"start":{"line":17,"column":0},"end":{"line":17,"column":31}}},"fnMap":{},"branchMap":{},"s":{"0":0,"1":0,"2":0,"3":0,"4":0,"5":0,"6":0,"7":0,"8":0,"9":0,"10":0,"11":0,"12":0,"13":0,"14":0,"15":0,"16":0},"f":{},"b":{}}
,"D:\\proekts\\stellar-burgers\\src\\components\\ui\\app-header\\app-header.tsx": {"path":"D:\\proekts\\stellar-burgers\\src\\components\\ui\\app-header\\app-header.tsx","statementMap":{"0":{"start":{"line":2,"column":0},"end":{"line":2,"column":40}},"1":{"start":{"line":3,"column":0},"end":{"line":3,"column":45}},"2":{"start":{"line":5,"column":0},"end":{"line":5,"column":null}},"3":{"start":{"line":12,"column":50},"end":{"line":12,"column":null}},"4":{"start":{"line":12,"column":61},"end":{"line":12,"column":63}},"5":{"start":{"line":12,"column":68},"end":{"line":38,"column":2}},"6":{"start":{"line":12,"column":13},"end":{"line":12,"column":50}}},"fnMap":{"0":{"name":"(anonymous_1)","decl":{"start":{"line":12,"column":50},"end":{"line":12,"column":51}},"loc":{"start":{"line":12,"column":63},"end":{"line":12,"column":null}}}},"branchMap":{"0":{"loc":{"start":{"line":32,"column":13},"end":{"line":32,"column":41}},"type":"binary-expr","locations":[{"start":{"line":32,"column":13},"end":{"line":32,"column":21}},{"start":{"line":32,"column":25},"end":{"line":32,"column":41}}]}},"s":{"0":0,"1":0,"2":0,"3":0,"4":0,"5":0,"6":0},"f":{"0":0},"b":{"0":[0,0]}}
,"D:\\proekts\\stellar-burgers\\src\\components\\ui\\app-header\\index.ts": {"path":"D:\\proekts\\stellar-burgers\\src\\components\\ui\\app-header\\index.ts","statementMap":{"0":{"start":{"line":1,"column":0},"end":{"line":1,"column":9}},"1":{"start":{"line":1,"column":9},"end":{"line":1,"column":43}}},"fnMap":{"0":{"name":"(anonymous_0)","decl":{"start":{"line":1,"column":9},"end":{"line":1,"column":20}},"loc":{"start":{"line":1,"column":9},"end":{"line":1,"column":43}}}},"branchMap":{},"s":{"0":0,"1":0},"f":{"0":0},"b":{}}
,"D:\\proekts\\stellar-burgers\\src\\components\\ui\\burger-constructor\\burger-constructor.tsx": {"path":"D:\\proekts\\stellar-burgers\\src\\components\\ui\\burger-constructor\\burger-constructor.tsx","statementMap":{"0":{"start":{"line":2,"column":0},"end":{"line":2,"column":null}},"1":{"start":{"line":7,"column":0},"end":{"line":7,"column":53}},"2":{"start":{"line":10,"column":0},"end":{"line":10,"column":62}},"3":{"start":{"line":11,"column":0},"end":{"line":11,"column":48}},"4":{"start":{"line":13,"column":65},"end":{"line":20,"column":null}},"5":{"start":{"line":14,"column":18},"end":{"line":14,"column":null}},"6":{"start":{"line":15,"column":14},"end":{"line":15,"column":null}},"7":{"start":{"line":16,"column":7},"end":{"line":16,"column":null}},"8":{"start":{"line":17,"column":16},"end":{"line":17,"column":null}},"9":{"start":{"line":18,"column":14},"end":{"line":18,"column":null}},"10":{"start":{"line":19,"column":17},"end":{"line":19,"column":null}},"11":{"start":{"line":20,"column":6},"end":{"line":124,"column":2}},"12":{"start":{"line":46,"column":59},"end":{"line":54,"column":null}},"13":{"start":{"line":13,"column":13},"end":{"line":13,"column":65}}},"fnMap":{"0":{"name":"(anonymous_1)","decl":{"start":{"line":13,"column":65},"end":{"line":13,"column":66}},"loc":{"start":{"line":20,"column":1},"end":{"line":20,"column":null}}},"1":{"name":"(anonymous_2)","decl":{"start":{"line":46,"column":10},"end":{"line":46,"column":11}},"loc":{"start":{"line":46,"column":54},"end":{"line":46,"column":null}}}},"branchMap":{"0":{"loc":{"start":{"line":22,"column":5},"end":{"line":41,"column":null}},"type":"cond-expr","locations":[{"start":{"line":23,"column":6},"end":{"line":33,"column":null}},{"start":{"line":36,"column":6},"end":{"line":38,"column":null}}]},"1":{"loc":{"start":{"line":44,"column":7},"end":{"line":62,"column":null}},"type":"cond-expr","locations":[{"start":{"line":45,"column":8},"end":{"line":54,"column":null}},{"start":{"line":57,"column":8},"end":{"line":59,"column":null}}]},"2":{"loc":{"start":{"line":65,"column":5},"end":{"line":84,"column":null}},"type":"cond-expr","locations":[{"start":{"line":66,"column":6},"end":{"line":76,"column":null}},{"start":{"line":79,"column":6},"end":{"line":81,"column":null}}]},"3":{"loc":{"start":{"line":101,"column":5},"end":{"line":108,"column":null}},"type":"binary-expr","locations":[{"start":{"line":101,"column":5},"end":{"line":101,"column":17}},{"start":{"line":102,"column":6},"end":{"line":107,"column":null}}]},"4":{"loc":{"start":{"line":111,"column":5},"end":{"line":121,"column":null}},"type":"binary-expr","locations":[{"start":{"line":111,"column":5},"end":{"line":111,"column":19}},{"start":{"line":112,"column":6},"end":{"line":120,"column":null}}]},"5":{"loc":{"start":{"line":114,"column":15},"end":{"line":114,"column":55}},"type":"cond-expr","locations":[{"start":{"line":114,"column":30},"end":{"line":114,"column":50}},{"start":{"line":114,"column":53},"end":{"line":114,"column":55}}]}},"s":{"0":0,"1":0,"2":0,"3":0,"4":0,"5":0,"6":0,"7":0,"8":0,"9":0,"10":0,"11":0,"12":0,"13":0},"f":{"0":0,"1":0},"b":{"0":[0,0],"1":[0,0],"2":[0,0],"3":[0,0],"4":[0,0],"5":[0,0]}}
,"D:\\proekts\\stellar-burgers\\src\\components\\ui\\burger-constructor\\index.ts": {"path":"D:\\proekts\\stellar-burgers\\src\\components\\ui\\burger-constructor\\index.ts","statementMap":{"0":{"start":{"line":1,"column":0},"end":{"line":1,"column":9}},"1":{"start":{"line":1,"column":9},"end":{"line":1,"column":59}}},"fnMap":{"0":{"name":"(anonymous_0)","decl":{"start":{"line":1,"column":9},"end":{"line":1,"column":28}},"loc":{"start":{"line":1,"column":9},"end":{"line":1,"column":59}}}},"branchMap":{},"s":{"0":0,"1":0},"f":{"0":0},"b":{}}
,"D:\\proekts\\stellar-burgers\\src\\components\\ui\\burger-constructor-element\\burger-constructor-element.tsx": {"path":"D:\\proekts\\stellar-burgers\\src\\components\\ui\\burger-constructor-element\\burger-constructor-element.tsx","statementMap":{"0":{"start":{"line":1,"column":0},"end":{"line":1,"column":40}},"1":{"start":{"line":2,"column":0},"end":{"line":2,"column":61}},"2":{"start":{"line":3,"column":0},"end":{"line":3,"column":81}},"3":{"start":{"line":5,"column":0},"end":{"line":5,"column":73}},"4":{"start":{"line":7,"column":13},"end":{"line":34,"column":4}},"5":{"start":{"line":10,"column":16},"end":{"line":10,"column":null}},"6":{"start":{"line":11,"column":11},"end":{"line":11,"column":null}},"7":{"start":{"line":12,"column":16},"end":{"line":12,"column":null}},"8":{"start":{"line":13,"column":18},"end":{"line":13,"column":null}},"9":{"start":{"line":14,"column":20},"end":{"line":14,"column":null}},"10":{"start":{"line":15,"column":17},"end":{"line":15,"column":null}},"11":{"start":{"line":16,"column":10},"end":{"line":33,"column":null}}},"fnMap":{"0":{"name":"(anonymous_1)","decl":{"start":{"line":9,"column":4},"end":{"line":9,"column":5}},"loc":{"start":{"line":16,"column":5},"end":{"line":16,"column":null}}}},"branchMap":{},"s":{"0":0,"1":0,"2":0,"3":0,"4":0,"5":0,"6":0,"7":0,"8":0,"9":0,"10":0,"11":0},"f":{"0":0},"b":{}}
,"D:\\proekts\\stellar-burgers\\src\\components\\ui\\burger-constructor-element\\index.ts": {"path":"D:\\proekts\\stellar-burgers\\src\\components\\ui\\burger-constructor-element\\index.ts","statementMap":{"0":{"start":{"line":1,"column":0},"end":{"line":1,"column":9}},"1":{"start":{"line":1,"column":9},"end":{"line":1,"column":74}}},"fnMap":{"0":{"name":"(anonymous_0)","decl":{"start":{"line":1,"column":9},"end":{"line":1,"column":35}},"loc":{"start":{"line":1,"column":9},"end":{"line":1,"column":74}}}},"branchMap":{},"s":{"0":0,"1":0},"f":{"0":0},"b":{}}
,"D:\\proekts\\stellar-burgers\\src\\components\\ui\\burger-ingredient\\burger-ingredient.tsx": {"path":"D:\\proekts\\stellar-burgers\\src\\components\\ui\\burger-ingredient\\burger-ingredient.tsx","statementMap":{"0":{"start":{"line":1,"column":0},"end":{"line":1,"column":40}},"1":{"start":{"line":2,"column":0},"end":{"line":2,"column":40}},"2":{"start":{"line":3,"column":0},"end":{"line":3,"column":52}},"3":{"start":{"line":5,"column":0},"end":{"line":5,"column":null}},"4":{"start":{"line":13,"column":13},"end":{"line":44,"column":2}},"5":{"start":{"line":14,"column":15},"end":{"line":14,"column":17}},"6":{"start":{"line":14,"column":22},"end":{"line":14,"column":24}},"7":{"start":{"line":14,"column":33},"end":{"line":14,"column":35}},"8":{"start":{"line":14,"column":48},"end":{"line":14,"column":50}},"9":{"start":{"line":15,"column":40},"end":{"line":15,"column":51}},"10":{"start":{"line":17,"column":4},"end":{"line":42,"column":6}}},"fnMap":{"0":{"name":"(anonymous_1)","decl":{"start":{"line":14,"column":2},"end":{"line":14,"column":3}},"loc":{"start":{"line":14,"column":50},"end":{"line":43,"column":3}}}},"branchMap":{"0":{"loc":{"start":{"line":28,"column":11},"end":{"line":28,"column":45}},"type":"binary-expr","locations":[{"start":{"line":28,"column":11},"end":{"line":28,"column":16}},{"start":{"line":28,"column":20},"end":{"line":28,"column":45}}]}},"s":{"0":0,"1":0,"2":0,"3":0,"4":0,"5":0,"6":0,"7":0,"8":0,"9":0,"10":0},"f":{"0":0},"b":{"0":[0,0]}}
,"D:\\proekts\\stellar-burgers\\src\\components\\ui\\burger-ingredient\\index.ts": {"path":"D:\\proekts\\stellar-burgers\\src\\components\\ui\\burger-ingredient\\index.ts","statementMap":{"0":{"start":{"line":1,"column":0},"end":{"line":1,"column":9}},"1":{"start":{"line":1,"column":9},"end":{"line":1,"column":57}}},"fnMap":{"0":{"name":"(anonymous_0)","decl":{"start":{"line":1,"column":9},"end":{"line":1,"column":27}},"loc":{"start":{"line":1,"column":9},"end":{"line":1,"column":57}}}},"branchMap":{},"s":{"0":0,"1":0},"f":{"0":0},"b":{}}
,"D:\\proekts\\stellar-burgers\\src\\components\\ui\\burger-ingredients\\burger-ingredients.tsx": {"path":"D:\\proekts\\stellar-burgers\\src\\components\\ui\\burger-ingredients\\burger-ingredients.tsx","statementMap":{"0":{"start":{"line":1,"column":0},"end":{"line":1,"column":40}},"1":{"start":{"line":2,"column":0},"end":{"line":2,"column":66}},"2":{"start":{"line":4,"column":0},"end":{"line":4,"column":53}},"3":{"start":{"line":6,"column":0},"end":{"line":6,"column":50}},"4":{"start":{"line":8,"column":13},"end":{"line":68,"column":2}},"5":{"start":{"line":10,"column":14},"end":{"line":10,"column":null}},"6":{"start":{"line":11,"column":8},"end":{"line":11,"column":null}},"7":{"start":{"line":12,"column":9},"end":{"line":12,"column":null}},"8":{"start":{"line":13,"column":10},"end":{"line":13,"column":null}},"9":{"start":{"line":14,"column":15},"end":{"line":14,"column":null}},"10":{"start":{"line":15,"column":16},"end":{"line":15,"column":null}},"11":{"start":{"line":16,"column":18},"end":{"line":16,"column":null}},"12":{"start":{"line":17,"column":11},"end":{"line":17,"column":null}},"13":{"start":{"line":18,"column":12},"end":{"line":18,"column":null}},"14":{"start":{"line":19,"column":13},"end":{"line":19,"column":null}},"15":{"start":{"line":20,"column":14},"end":{"line":20,"column":null}},"16":{"start":{"line":21,"column":8},"end":{"line":67,"column":null}}},"fnMap":{"0":{"name":"(anonymous_1)","decl":{"start":{"line":9,"column":2},"end":{"line":9,"column":3}},"loc":{"start":{"line":21,"column":3},"end":{"line":21,"column":null}}}},"branchMap":{},"s":{"0":0,"1":0,"2":0,"3":0,"4":0,"5":0,"6":0,"7":0,"8":0,"9":0,"10":0,"11":0,"12":0,"13":0,"14":0,"15":0,"16":0},"f":{"0":0},"b":{}}
,"D:\\proekts\\stellar-burgers\\src\\components\\ui\\burger-ingredients\\index.ts": {"path":"D:\\proekts\\stellar-burgers\\src\\components\\ui\\burger-ingredients\\index.ts","statementMap":{"0":{"start":{"line":1,"column":0},"end":{"line":1,"column":9}},"1":{"start":{"line":1,"column":9},"end":{"line":1,"column":59}}},"fnMap":{"0":{"name":"(anonymous_0)","decl":{"start":{"line":1,"column":9},"end":{"line":1,"column":28}},"loc":{"start":{"line":1,"column":9},"end":{"line":1,"column":59}}}},"branchMap":{},"s":{"0":0,"1":0},"f":{"0":0},"b":{}}
,"D:\\proekts\\stellar-burgers\\src\\components\\ui\\feed-info\\feed-info.tsx": {"path":"D:\\proekts\\stellar-burgers\\src\\components\\ui\\feed-info\\feed-info.tsx","statementMap":{"0":{"start":{"line":1,"column":0},"end":{"line":1,"column":40}},"1":{"start":{"line":3,"column":0},"end":{"line":3,"column":44}},"2":{"start":{"line":7,"column":13},"end":{"line":26,"column":2}},"3":{"start":{"line":8,"column":9},"end":{"line":8,"column":11}},"4":{"start":{"line":8,"column":22},"end":{"line":8,"column":24}},"5":{"start":{"line":8,"column":37},"end":{"line":8,"column":39}},"6":{"start":{"line":9,"column":34},"end":{"line":9,"column":39}},"7":{"start":{"line":11,"column":4},"end":{"line":24,"column":6}},"8":{"start":{"line":28,"column":40},"end":{"line":28,"column":null}},"9":{"start":{"line":28,"column":49},"end":{"line":28,"column":51}},"10":{"start":{"line":28,"column":56},"end":{"line":28,"column":58}},"11":{"start":{"line":28,"column":67},"end":{"line":28,"column":69}},"12":{"start":{"line":28,"column":74},"end":{"line":43,"column":2}},"13":{"start":{"line":32,"column":35},"end":{"line":40,"column":8}},"14":{"start":{"line":45,"column":33},"end":{"line":45,"column":null}},"15":{"start":{"line":45,"column":41},"end":{"line":45,"column":43}},"16":{"start":{"line":45,"column":50},"end":{"line":45,"column":52}},"17":{"start":{"line":45,"column":57},"end":{"line":52,"column":2}}},"fnMap":{"0":{"name":"(anonymous_1)","decl":{"start":{"line":8,"column":2},"end":{"line":8,"column":3}},"loc":{"start":{"line":8,"column":39},"end":{"line":25,"column":3}}},"1":{"name":"(anonymous_2)","decl":{"start":{"line":28,"column":40},"end":{"line":28,"column":41}},"loc":{"start":{"line":28,"column":69},"end":{"line":28,"column":null}}},"2":{"name":"(anonymous_3)","decl":{"start":{"line":32,"column":18},"end":{"line":32,"column":19}},"loc":{"start":{"line":32,"column":30},"end":{"line":32,"column":null}}},"3":{"name":"(anonymous_4)","decl":{"start":{"line":45,"column":33},"end":{"line":45,"column":34}},"loc":{"start":{"line":45,"column":52},"end":{"line":45,"column":null}}}},"branchMap":{"0":{"loc":{"start":{"line":35,"column":26},"end":{"line":35,"column":70}},"type":"cond-expr","locations":[{"start":{"line":35,"column":49},"end":{"line":35,"column":58}},{"start":{"line":35,"column":61},"end":{"line":35,"column":70}}]}},"s":{"0":0,"1":0,"2":0,"3":0,"4":0,"5":0,"6":0,"7":0,"8":0,"9":0,"10":0,"11":0,"12":0,"13":0,"14":0,"15":0,"16":0,"17":0},"f":{"0":0,"1":0,"2":0,"3":0},"b":{"0":[0,0]}}
,"D:\\proekts\\stellar-burgers\\src\\components\\ui\\feed-info\\index.ts": {"path":"D:\\proekts\\stellar-burgers\\src\\components\\ui\\feed-info\\index.ts","statementMap":{"0":{"start":{"line":1,"column":0},"end":{"line":1,"column":9}},"1":{"start":{"line":1,"column":9},"end":{"line":1,"column":41}}},"fnMap":{"0":{"name":"(anonymous_0)","decl":{"start":{"line":1,"column":9},"end":{"line":1,"column":19}},"loc":{"start":{"line":1,"column":9},"end":{"line":1,"column":41}}}},"branchMap":{},"s":{"0":0,"1":0},"f":{"0":0},"b":{}}
,"D:\\proekts\\stellar-burgers\\src\\components\\ui\\ingredient-details\\index.ts": {"path":"D:\\proekts\\stellar-burgers\\src\\components\\ui\\ingredient-details\\index.ts","statementMap":{"0":{"start":{"line":1,"column":0},"end":{"line":1,"column":9}},"1":{"start":{"line":1,"column":9},"end":{"line":1,"column":59}}},"fnMap":{"0":{"name":"(anonymous_0)","decl":{"start":{"line":1,"column":9},"end":{"line":1,"column":28}},"loc":{"start":{"line":1,"column":9},"end":{"line":1,"column":59}}}},"branchMap":{},"s":{"0":0,"1":0},"f":{"0":0},"b":{}}
,"D:\\proekts\\stellar-burgers\\src\\components\\ui\\ingredient-details\\ingredient-details.tsx": {"path":"D:\\proekts\\stellar-burgers\\src\\components\\ui\\ingredient-details\\ingredient-details.tsx","statementMap":{"0":{"start":{"line":1,"column":0},"end":{"line":1,"column":40}},"1":{"start":{"line":2,"column":0},"end":{"line":2,"column":53}},"2":{"start":{"line":5,"column":13},"end":{"line":39,"column":2}},"3":{"start":{"line":6,"column":19},"end":{"line":6,"column":21}},"4":{"start":{"line":8,"column":6},"end":{"line":8,"column":21}},"5":{"start":{"line":10,"column":4},"end":{"line":37,"column":6}}},"fnMap":{"0":{"name":"(anonymous_1)","decl":{"start":{"line":6,"column":2},"end":{"line":6,"column":3}},"loc":{"start":{"line":6,"column":21},"end":{"line":38,"column":3}}}},"branchMap":{},"s":{"0":0,"1":0,"2":0,"3":0,"4":0,"5":0},"f":{"0":0},"b":{}}
,"D:\\proekts\\stellar-burgers\\src\\components\\ui\\ingredients-category\\index.ts": {"path":"D:\\proekts\\stellar-burgers\\src\\components\\ui\\ingredients-category\\index.ts","statementMap":{"0":{"start":{"line":1,"column":0},"end":{"line":1,"column":9}},"1":{"start":{"line":1,"column":9},"end":{"line":1,"column":63}}},"fnMap":{"0":{"name":"(anonymous_0)","decl":{"start":{"line":1,"column":9},"end":{"line":1,"column":30}},"loc":{"start":{"line":1,"column":9},"end":{"line":1,"column":63}}}},"branchMap":{},"s":{"0":0,"1":0},"f":{"0":0},"b":{}}
[...]
mn":7}},"70":{"start":{"line":167,"column":2},"end":{"line":178,"column":7}},"71":{"start":{"line":174,"column":19},"end":{"line":174,"column":53}},"72":{"start":{"line":176,"column":6},"end":{"line":176,"column":37}},"73":{"start":{"line":176,"column":25},"end":{"line":176,"column":37}},"74":{"start":{"line":177,"column":6},"end":{"line":177,"column":34}},"75":{"start":{"line":166,"column":13},"end":{"line":166,"column":28}},"76":{"start":{"line":180,"column":33},"end":{"line":181,"column":7}},"77":{"start":{"line":181,"column":2},"end":{"line":192,"column":7}},"78":{"start":{"line":188,"column":19},"end":{"line":188,"column":59}},"79":{"start":{"line":190,"column":6},"end":{"line":190,"column":37}},"80":{"start":{"line":190,"column":25},"end":{"line":190,"column":37}},"81":{"start":{"line":191,"column":6},"end":{"line":191,"column":34}},"82":{"start":{"line":180,"column":13},"end":{"line":180,"column":33}},"83":{"start":{"line":194,"column":32},"end":{"line":195,"column":7}},"84":{"start":{"line":195,"column":2},"end":{"line":206,"column":7}},"85":{"start":{"line":202,"column":19},"end":{"line":202,"column":59}},"86":{"start":{"line":204,"column":6},"end":{"line":204,"column":37}},"87":{"start":{"line":204,"column":25},"end":{"line":204,"column":37}},"88":{"start":{"line":205,"column":6},"end":{"line":205,"column":34}},"89":{"start":{"line":194,"column":13},"end":{"line":194,"column":32}},"90":{"start":{"line":210,"column":26},"end":{"line":211,"column":18}},"91":{"start":{"line":211,"column":2},"end":{"line":215,"column":5}},"92":{"start":{"line":210,"column":13},"end":{"line":210,"column":26}},"93":{"start":{"line":217,"column":29},"end":{"line":218,"column":18}},"94":{"start":{"line":218,"column":2},"end":{"line":225,"column":5}},"95":{"start":{"line":217,"column":13},"end":{"line":217,"column":29}},"96":{"start":{"line":227,"column":25},"end":{"line":228,"column":7}},"97":{"start":{"line":228,"column":2},"end":{"line":236,"column":60}},"98":{"start":{"line":236,"column":19},"end":{"line":236,"column":59}},"99":{"start":{"line":227,"column":13},"end":{"line":227,"column":25}}},"fnMap":{"0":{"name":"(anonymous_13)","decl":{"start":{"line":7,"column":22},"end":{"line":7,"column":26}},"loc":{"start":{"line":7,"column":39},"end":{"line":8,"column":5}}},"1":{"name":"(anonymous_14)","decl":{"start":{"line":8,"column":40},"end":{"line":8,"column":41}},"loc":{"start":{"line":8,"column":44},"end":{"line":8,"column":56}}},"2":{"name":"(anonymous_15)","decl":{"start":{"line":19,"column":28},"end":{"line":19,"column":null}},"loc":{"start":{"line":19,"column":28},"end":{"line":20,"column":7}}},"3":{"name":"(anonymous_16)","decl":{"start":{"line":29,"column":10},"end":{"line":29,"column":11}},"loc":{"start":{"line":29,"column":14},"end":{"line":29,"column":32}}},"4":{"name":"(anonymous_17)","decl":{"start":{"line":30,"column":10},"end":{"line":30,"column":11}},"loc":{"start":{"line":30,"column":22},"end":{"line":37,"column":5}}},"5":{"name":"(anonymous_18)","decl":{"start":{"line":39,"column":32},"end":{"line":39,"column":null}},"loc":{"start":{"line":41,"column":22},"end":{"line":59,"column":2}}},"6":{"name":"(anonymous_19)","decl":{"start":{"line":41,"column":22},"end":{"line":41,"column":null}},"loc":{"start":{"line":41,"column":22},"end":{"line":59,"column":2}}},"7":{"name":"(anonymous_21)","decl":{"start":{"line":75,"column":33},"end":{"line":75,"column":null}},"loc":{"start":{"line":75,"column":33},"end":{"line":76,"column":7}}},"8":{"name":"(anonymous_22)","decl":{"start":{"line":77,"column":10},"end":{"line":77,"column":11}},"loc":{"start":{"line":77,"column":14},"end":{"line":77,"column":32}}},"9":{"name":"(anonymous_23)","decl":{"start":{"line":78,"column":10},"end":{"line":78,"column":11}},"loc":{"start":{"line":78,"column":15},"end":{"line":81,"column":5}}},"10":{"name":"(anonymous_24)","decl":{"start":{"line":83,"column":27},"end":{"line":83,"column":null}},"loc":{"start":{"line":83,"column":27},"end":{"line":84,"column":7}}},"11":{"name":"(anonymous_25)","decl":{"start":{"line":85,"column":10},"end":{"line":85,"column":11}},"loc":{"start":{"line":85,"column":14},"end":{"line":85,"column":32}}},"12":{"name":"(anonymous_26)","decl":{"start":{"line":86,"column":10},"end":{"line":86,"column":11}},"loc":{"start":{"line":86,"column":15},"end":{"line":89,"column":5}}},"13":{"name":"(anonymous_27)","decl":{"start":{"line":91,"column":28},"end":{"line":91,"column":null}},"loc":{"start":{"line":91,"column":28},"end":{"line":92,"column":18}}},"14":{"name":"(anonymous_28)","decl":{"start":{"line":98,"column":10},"end":{"line":98,"column":11}},"loc":{"start":{"line":98,"column":15},"end":{"line":101,"column":3}}},"15":{"name":"(anonymous_29)","decl":{"start":{"line":108,"column":30},"end":{"line":108,"column":31}},"loc":{"start":{"line":108,"column":45},"end":{"line":109,"column":18}}},"16":{"name":"(anonymous_30)","decl":{"start":{"line":118,"column":10},"end":{"line":118,"column":11}},"loc":{"start":{"line":118,"column":15},"end":{"line":121,"column":3}}},"17":{"name":"(anonymous_31)","decl":{"start":{"line":127,"column":35},"end":{"line":127,"column":36}},"loc":{"start":{"line":127,"column":50},"end":{"line":128,"column":7}}},"18":{"name":"(anonymous_32)","decl":{"start":{"line":133,"column":10},"end":{"line":133,"column":11}},"loc":{"start":{"line":133,"column":14},"end":{"line":133,"column":32}}},"19":{"name":"(anonymous_33)","decl":{"start":{"line":147,"column":31},"end":{"line":147,"column":32}},"loc":{"start":{"line":147,"column":51},"end":{"line":148,"column":7}}},"20":{"name":"(anonymous_34)","decl":{"start":{"line":155,"column":10},"end":{"line":155,"column":11}},"loc":{"start":{"line":155,"column":14},"end":{"line":155,"column":32}}},"21":{"name":"(anonymous_35)","decl":{"start":{"line":156,"column":10},"end":{"line":156,"column":11}},"loc":{"start":{"line":156,"column":15},"end":{"line":159,"column":5}}},"22":{"name":"(anonymous_36)","decl":{"start":{"line":166,"column":28},"end":{"line":166,"column":29}},"loc":{"start":{"line":166,"column":45},"end":{"line":167,"column":7}}},"23":{"name":"(anonymous_37)","decl":{"start":{"line":174,"column":10},"end":{"line":174,"column":11}},"loc":{"start":{"line":174,"column":14},"end":{"line":174,"column":32}}},"24":{"name":"(anonymous_38)","decl":{"start":{"line":175,"column":10},"end":{"line":175,"column":11}},"loc":{"start":{"line":175,"column":15},"end":{"line":178,"column":5}}},"25":{"name":"(anonymous_39)","decl":{"start":{"line":180,"column":33},"end":{"line":180,"column":34}},"loc":{"start":{"line":180,"column":57},"end":{"line":181,"column":7}}},"26":{"name":"(anonymous_40)","decl":{"start":{"line":188,"column":10},"end":{"line":188,"column":11}},"loc":{"start":{"line":188,"column":14},"end":{"line":188,"column":32}}},"27":{"name":"(anonymous_41)","decl":{"start":{"line":189,"column":10},"end":{"line":189,"column":11}},"loc":{"start":{"line":189,"column":15},"end":{"line":192,"column":5}}},"28":{"name":"(anonymous_42)","decl":{"start":{"line":194,"column":32},"end":{"line":194,"column":33}},"loc":{"start":{"line":194,"column":74},"end":{"line":195,"column":7}}},"29":{"name":"(anonymous_43)","decl":{"start":{"line":202,"column":10},"end":{"line":202,"column":11}},"loc":{"start":{"line":202,"column":14},"end":{"line":202,"column":32}}},"30":{"name":"(anonymous_44)","decl":{"start":{"line":203,"column":10},"end":{"line":203,"column":11}},"loc":{"start":{"line":203,"column":15},"end":{"line":206,"column":5}}},"31":{"name":"(anonymous_45)","decl":{"start":{"line":210,"column":26},"end":{"line":210,"column":null}},"loc":{"start":{"line":210,"column":26},"end":{"line":211,"column":18}}},"32":{"name":"(anonymous_46)","decl":{"start":{"line":217,"column":29},"end":{"line":217,"column":30}},"loc":{"start":{"line":217,"column":58},"end":{"line":218,"column":18}}},"33":{"name":"(anonymous_47)","decl":{"start":{"line":227,"column":25},"end":{"line":227,"column":null}},"loc":{"start":{"line":227,"column":25},"end":{"line":228,"column":7}}},"34":{"name":"(anonymous_48)","decl":{"start":{"line":236,"column":10},"end":{"line":236,"column":11}},"loc":{"start":{"line":236,"column":14},"end":{"line":236,"column":32}}}},"branchMap":{"0":{"loc":{"start":{"line":5,"column":12},"end":{"line":5,"column":62}},"type":"binary-expr","locations":[{"start":{"line":5,"column":12},"end":{"line":5,"column":19}},{"start":{"line":5,"column":23},"end":{"line":5,"column":62}}]},"1":{"loc":{"start":{"line":8,"column":2},"end":{"line":8,"column":69}},"type":"cond-expr","locations":[{"start":{"line":8,"column":11},"end":{"line":8,"column":21}},{"start":{"line":8,"column":24},"end":{"line":8,"column":69}}]},"2":{"loc":{"start":{"line":31,"column":6},"end":{"line":33,"column":7}},"type":"if","locations":[{"start":{"line":31,"column":6},"end":{"line":33,"column":7}}]},"3":{"loc":{"start":{"line":45,"column":4},"end":{"line":45,"column":39}},"type":"switch","locations":[{"start":{"line":45,"column":4},"end":{"line":45,"column":39}},{"start":{"line":54,"column":6},"end":{"line":54,"column":41}},{"start":{"line":56,"column":6},"end":{"line":56,"column":33}}]},"4":{"loc":{"start":{"line":47,"column":8},"end":{"line":47,"column":9}},"type":"if","locations":[{"start":{"line":47,"column":8},"end":{"line":47,"column":9}}]},"5":{"loc":{"start":{"line":49,"column":6},"end":{"line":52,"column":7}},"type":"if","locations":[{"start":{"line":49,"column":6},"end":{"line":52,"column":7}}]},"6":{"loc":{"start":{"line":79,"column":6},"end":{"line":79,"column":42}},"type":"if","locations":[{"start":{"line":79,"column":6},"end":{"line":79,"column":42}}]},"7":{"loc":{"start":{"line":79,"column":10},"end":{"line":79,"column":23}},"type":"cond-expr","locations":[{"start":{"line":79,"column":14},"end":{"line":79,"column":16}},{"start":{"line":79,"column":10},"end":{"line":79,"column":23}}]},"8":{"loc":{"start":{"line":79,"column":10},"end":{"line":79,"column":16}},"type":"binary-expr","locations":[{"start":{"line":79,"column":10},"end":{"line":79,"column":16}},{"start":{"line":79,"column":10},"end":{"line":79,"column":16}}]},"9":{"loc":{"start":{"line":87,"column":6},"end":{"line":87,"column":37}},"type":"if","locations":[{"start":{"line":87,"column":6},"end":{"line":87,"column":37}}]},"10":{"loc":{"start":{"line":87,"column":10},"end":{"line":87,"column":23}},"type":"cond-expr","locations":[{"start":{"line":87,"column":14},"end":{"line":87,"column":16}},{"start":{"line":87,"column":10},"end":{"line":87,"column":23}}]},"11":{"loc":{"start":{"line":87,"column":10},"end":{"line":87,"column":16}},"type":"binary-expr","locations":[{"start":{"line":87,"column":10},"end":{"line":87,"column":16}},{"start":{"line":87,"column":10},"end":{"line":87,"column":16}}]},"12":{"loc":{"start":{"line":99,"column":4},"end":{"line":99,"column":42}},"type":"if","locations":[{"start":{"line":99,"column":4},"end":{"line":99,"column":42}}]},"13":{"loc":{"start":{"line":99,"column":8},"end":{"line":99,"column":21}},"type":"cond-expr","locations":[{"start":{"line":99,"column":12},"end":{"line":99,"column":14}},{"start":{"line":99,"column":8},"end":{"line":99,"column":21}}]},"14":{"loc":{"start":{"line":99,"column":8},"end":{"line":99,"column":14}},"type":"binary-expr","locations":[{"start":{"line":99,"column":8},"end":{"line":99,"column":14}},{"start":{"line":99,"column":8},"end":{"line":99,"column":14}}]},"15":{"loc":{"start":{"line":119,"column":4},"end":{"line":119,"column":35}},"type":"if","locations":[{"start":{"line":119,"column":4},"end":{"line":119,"column":35}}]},"16":{"loc":{"start":{"line":119,"column":8},"end":{"line":119,"column":21}},"type":"cond-expr","locations":[{"start":{"line":119,"column":12},"end":{"line":119,"column":14}},{"start":{"line":119,"column":8},"end":{"line":119,"column":21}}]},"17":{"loc":{"start":{"line":119,"column":8},"end":{"line":119,"column":14}},"type":"binary-expr","locations":[{"start":{"line":119,"column":8},"end":{"line":119,"column":14}},{"start":{"line":119,"column":8},"end":{"line":119,"column":14}}]},"18":{"loc":{"start":{"line":157,"column":6},"end":{"line":157,"column":37}},"type":"if","locations":[{"start":{"line":157,"column":6},"end":{"line":157,"column":37}}]},"19":{"loc":{"start":{"line":157,"column":10},"end":{"line":157,"column":23}},"type":"cond-expr","locations":[{"start":{"line":157,"column":14},"end":{"line":157,"column":16}},{"start":{"line":157,"column":10},"end":{"line":157,"column":23}}]},"20":{"loc":{"start":{"line":157,"column":10},"end":{"line":157,"column":16}},"type":"binary-expr","locations":[{"start":{"line":157,"column":10},"end":{"line":157,"column":16}},{"start":{"line":157,"column":10},"end":{"line":157,"column":16}}]},"21":{"loc":{"start":{"line":176,"column":6},"end":{"line":176,"column":37}},"type":"if","locations":[{"start":{"line":176,"column":6},"end":{"line":176,"column":37}}]},"22":{"loc":{"start":{"line":176,"column":10},"end":{"line":176,"column":23}},"type":"cond-expr","locations":[{"start":{"line":176,"column":14},"end":{"line":176,"column":16}},{"start":{"line":176,"column":10},"end":{"line":176,"column":23}}]},"23":{"loc":{"start":{"line":176,"column":10},"end":{"line":176,"column":16}},"type":"binary-expr","locations":[{"start":{"line":176,"column":10},"end":{"line":176,"column":16}},{"start":{"line":176,"column":10},"end":{"line":176,"column":16}}]},"24":{"loc":{"start":{"line":190,"column":6},"end":{"line":190,"column":37}},"type":"if","locations":[{"start":{"line":190,"column":6},"end":{"line":190,"column":37}}]},"25":{"loc":{"start":{"line":190,"column":10},"end":{"line":190,"column":23}},"type":"cond-expr","locations":[{"start":{"line":190,"column":14},"end":{"line":190,"column":16}},{"start":{"line":190,"column":10},"end":{"line":190,"column":23}}]},"26":{"loc":{"start":{"line":190,"column":10},"end":{"line":190,"column":16}},"type":"binary-expr","locations":[{"start":{"line":190,"column":10},"end":{"line":190,"column":16}},{"start":{"line":190,"column":10},"end":{"line":190,"column":16}}]},"27":{"loc":{"start":{"line":204,"column":6},"end":{"line":204,"column":37}},"type":"if","locations":[{"start":{"line":204,"column":6},"end":{"line":204,"column":37}}]},"28":{"loc":{"start":{"line":204,"column":10},"end":{"line":204,"column":23}},"type":"cond-expr","locations":[{"start":{"line":204,"column":14},"end":{"line":204,"column":16}},{"start":{"line":204,"column":10},"end":{"line":204,"column":23}}]},"29":{"loc":{"start":{"line":204,"column":10},"end":{"line":204,"column":16}},"type":"binary-expr","locations":[{"start":{"line":204,"column":10},"end":{"line":204,"column":16}},{"start":{"line":204,"column":10},"end":{"line":204,"column":16}}]}},"s":{"0":3,"1":3,"2":3,"3":3,"4":0,"5":0,"6":3,"7":0,"8":0,"9":0,"10":0,"11":0,"12":0,"13":0,"14":3,"15":3,"16":0,"17":0,"18":0,"19":0,"20":0,"21":0,"22":0,"23":0,"24":0,"25":0,"26":0,"27":0,"28":0,"29":0,"30":0,"31":3,"32":3,"33":0,"34":0,"35":0,"36":0,"37":0,"38":3,"39":3,"40":0,"41":0,"42":0,"43":0,"44":0,"45":3,"46":3,"47":0,"48":0,"49":0,"50":0,"51":3,"52":3,"53":0,"54":0,"55":0,"56":0,"57":3,"58":3,"59":0,"60":0,"61":3,"62":3,"63":0,"64":0,"65":0,"66":0,"67":0,"68":3,"69":3,"70":0,"71":0,"72":0,"73":0,"74":0,"75":3,"76":3,"77":0,"78":0,"79":0,"80":0,"81":0,"82":3,"83":3,"84":0,"85":0,"86":0,"87":0,"88":0,"89":3,"90":3,"91":0,"92":3,"93":3,"94":0,"95":3,"96":3,"97":0,"98":0,"99":3},"f":{"0":0,"1":0,"2":0,"3":0,"4":0,"5":0,"6":0,"7":0,"8":0,"9":0,"10":0,"11":0,"12":0,"13":0,"14":0,"15":0,"16":0,"17":0,"18":0,"19":0,"20":0,"21":0,"22":0,"23":0,"24":0,"25":0,"26":0,"27":0,"28":0,"29":0,"30":0,"31":0,"32":0,"33":0,"34":0},"b":{"0":[3,0],"1":[0,0],"2":[0],"3":[0,0,0],"4":[0],"5":[0],"6":[0],"7":[0,0],"8":[0,0],"9":[0],"10":[0,0],"11":[0,0],"12":[0],"13":[0,0],"14":[0,0],"15":[0],"16":[0,0],"17":[0,0],"18":[0],"19":[0,0],"20":[0,0],"21":[0],"22":[0,0],"23":[0,0],"24":[0],"25":[0,0],"26":[0,0],"27":[0],"28":[0,0],"29":[0,0]}}
,"D:\\proekts\\stellar-burgers\\src\\utils\\constants.ts": {"path":"D:\\proekts\\stellar-burgers\\src\\utils\\constants.ts","statementMap":{"0":{"start":{"line":2,"column":13},"end":{"line":2,"column":63}}},"fnMap":{},"branchMap":{},"s":{"0":3},"f":{},"b":{}}
,"D:\\proekts\\stellar-burgers\\src\\utils\\cookie.ts": {"path":"D:\\proekts\\stellar-burgers\\src\\utils\\cookie.ts","statementMap":{"0":{"start":{"line":2,"column":18},"end":{"line":8,"column":null}},"1":{"start":{"line":10,"column":2},"end":{"line":10,"column":62}},"2":{"start":{"line":1,"column":0},"end":{"line":1,"column":16}},"3":{"start":{"line":16,"column":2},"end":{"line":16,"column":null}},"4":{"start":{"line":18,"column":2},"end":{"line":21,"column":4}},"5":{"start":{"line":23,"column":12},"end":{"line":23,"column":25}},"6":{"start":{"line":24,"column":2},"end":{"line":28,"column":3}},"7":{"start":{"line":25,"column":14},"end":{"line":25,"column":24}},"8":{"start":{"line":26,"column":4},"end":{"line":26,"column":40}},"9":{"start":{"line":27,"column":4},"end":{"line":27,"column":28}},"10":{"start":{"line":30,"column":2},"end":{"line":32,"column":3}},"11":{"start":{"line":31,"column":4},"end":{"line":31,"column":38}},"12":{"start":{"line":33,"column":2},"end":{"line":33,"column":36}},"13":{"start":{"line":34,"column":22},"end":{"line":34,"column":40}},"14":{"start":{"line":35,"column":2},"end":{"line":41,"column":3}},"15":{"start":{"line":36,"column":4},"end":{"line":36,"column":37}},"16":{"start":{"line":37,"column":22},"end":{"line":37,"column":37}},"17":{"start":{"line":38,"column":4},"end":{"line":40,"column":5}},"18":{"start":{"line":39,"column":6},"end":{"line":39,"column":39}},"19":{"start":{"line":42,"column":2},"end":{"line":42,"column":34}},"20":{"start":{"line":13,"column":0},"end":{"line":13,"column":16}},"21":{"start":{"line":46,"column":2},"end":{"line":46,"column":39}},"22":{"start":{"line":45,"column":0},"end":{"line":45,"column":16}}},"fnMap":{"0":{"name":"getCookie","decl":{"start":{"line":1,"column":16},"end":{"line":1,"column":25}},"loc":{"start":{"line":1,"column":38},"end":{"line":11,"column":1}}},"1":{"name":"setCookie","decl":{"start":{"line":13,"column":16},"end":{"line":13,"column":25}},"loc":{"start":{"line":16,"column":65},"end":{"line":43,"column":1}}},"2":{"name":"deleteCookie","decl":{"start":{"line":45,"column":16},"end":{"line":45,"column":28}},"loc":{"start":{"line":45,"column":41},"end":{"line":47,"column":1}}}},"branchMap":{"0":{"loc":{"start":{"line":10,"column":9},"end":{"line":10,"column":61}},"type":"cond-expr","locations":[{"start":{"line":10,"column":19},"end":{"line":10,"column":49}},{"start":{"line":10,"column":52},"end":{"line":10,"column":61}}]},"1":{"loc":{"start":{"line":16,"column":2},"end":{"line":16,"column":null}},"type":"if","locations":[{"start":{"line":16,"column":2},"end":{"line":16,"column":null}}]},"2":{"loc":{"start":{"line":24,"column":2},"end":{"line":28,"column":3}},"type":"if","locations":[{"start":{"line":24,"column":2},"end":{"line":28,"column":3}}]},"3":{"loc":{"start":{"line":24,"column":6},"end":{"line":24,"column":36}},"type":"binary-expr","locations":[{"start":{"line":24,"column":6},"end":{"line":24,"column":9}},{"start":{"line":24,"column":13},"end":{"line":24,"column":36}}]},"4":{"loc":{"start":{"line":30,"column":2},"end":{"line":32,"column":3}},"type":"if","locations":[{"start":{"line":30,"column":2},"end":{"line":32,"column":3}}]},"5":{"loc":{"start":{"line":30,"column":6},"end":{"line":30,"column":32}},"type":"binary-expr","locations":[{"start":{"line":30,"column":6},"end":{"line":30,"column":9}},{"start":{"line":30,"column":13},"end":{"line":30,"column":32}}]},"6":{"loc":{"start":{"line":38,"column":4},"end":{"line":40,"column":5}},"type":"if","locations":[{"start":{"line":38,"column":4},"end":{"line":40,"column":5}}]}},"s":{"0":0,"1":0,"2":3,"3":0,"4":0,"5":0,"6":0,"7":0,"8":0,"9":0,"10":0,"11":0,"12":0,"13":0,"14":0,"15":0,"16":0,"17":0,"18":0,"19":0,"20":3,"21":0,"22":3},"f":{"0":0,"1":0,"2":0},"b":{"0":[0,0],"1":[0],"2":[0],"3":[0,0],"4":[0],"5":[0,0],"6":[0]}}
}
